  [4;36;1mSQL (2.0ms)[0m   [0;1m SELECT name
 FROM sqlite_master
 WHERE type = 'table' AND NOT name = 'sqlite_sequence'
[0m
  [4;35;1mSQL (0.3ms)[0m   [0mselect sqlite_version(*)[0m
  [4;36;1mSQL (2.1ms)[0m   [0;1mCREATE TABLE "schema_migrations" ("version" varchar(255) NOT NULL) [0m
  [4;35;1mSQL (17.9ms)[0m   [0mCREATE UNIQUE INDEX "unique_schema_migrations" ON "schema_migrations" ("version")[0m
  [4;36;1mSQL (0.3ms)[0m   [0;1m SELECT name
 FROM sqlite_master
 WHERE type = 'table' AND NOT name = 'sqlite_sequence'
[0m
  [4;35;1mSQL (0.2ms)[0m   [0mSELECT version FROM schema_migrations[0m
Migrating to CreateProblemas (20090608212820)
  [4;36;1mSQL (0.7ms)[0m   [0;1mCREATE TABLE "problemas" ("id" INTEGER PRIMARY KEY AUTOINCREMENT NOT NULL, "id_no_pku" integer, "nome" varchar(255), "link" varchar(255), "categorias_old" integer, "origem_old" integer, "created_at" datetime, "updated_at" datetime) [0m
  [4;35;1mSQL (0.2ms)[0m   [0mINSERT INTO schema_migrations (version) VALUES ('20090608212820')[0m
  [4;36;1mSQL (0.3ms)[0m   [0;1m SELECT name
 FROM sqlite_master
 WHERE type = 'table' AND NOT name = 'sqlite_sequence'
[0m
  [4;35;1mSQL (0.1ms)[0m   [0mSELECT version FROM schema_migrations[0m
  [4;36;1mSQL (0.2ms)[0m   [0;1m SELECT name
 FROM sqlite_master
 WHERE type = 'table' AND NOT name = 'sqlite_sequence'
[0m
  [4;35;1mSQL (0.0ms)[0m   [0mPRAGMA index_list("problemas")[0m


Processing Rails::InfoController#properties (for 127.0.0.1 at 2009-06-08 18:29:03) [GET]
  [4;36;1mSQL (0.9ms)[0m   [0;1m SELECT name
 FROM sqlite_master
 WHERE type = 'table' AND NOT name = 'sqlite_sequence'
[0m
  [4;35;1mSQL (0.1ms)[0m   [0mSELECT version FROM schema_migrations[0m
Completed in 52ms (View: 5, DB: 1) | 200 OK [http://localhost/rails/info/properties]


Processing ApplicationController#index (for 127.0.0.1 at 2009-06-08 18:29:12) [GET]

ActionController::RoutingError (No route matches "/problema" with {:method=>:get}):
  

Rendering rescues/layout (not_found)


Processing ProblemasController#index (for 127.0.0.1 at 2009-06-08 18:29:15) [GET]
  [4;36;1mProblema Load (0.4ms)[0m   [0;1mSELECT * FROM "problemas" [0m
Rendering template within layouts/problemas
Rendering problemas/index
Completed in 58ms (View: 54, DB: 0) | 200 OK [http://localhost/problemas]


Processing ProblemasController#new (for 127.0.0.1 at 2009-06-08 18:29:17) [GET]
Rendering template within layouts/problemas
Rendering problemas/new
Completed in 12ms (View: 7, DB: 0) | 200 OK [http://localhost/problemas/new]


Processing ProblemasController#create (for 127.0.0.1 at 2009-06-08 18:29:34) [POST]
  Parameters: {"commit"=>"Create", "problema"=>{"id_no_pku"=>"10", "categorias_old"=>"10", "nome"=>"Fabs", "origem_old"=>"10", "link"=>"http://uol.com.br"}, "authenticity_token"=>"5IkCXmuZlMi0NYV+890hvtJSRYLSTKCd7vSX7vINIKI="}
  [4;35;1mProblema Create (0.9ms)[0m   [0mINSERT INTO "problemas" ("id_no_pku", "categorias_old", "created_at", "nome", "updated_at", "origem_old", "link") VALUES(10, 10, '2009-06-08 21:29:34', 'Fabs', '2009-06-08 21:29:34', 10, 'http://uol.com.br')[0m
Redirected to http://localhost:3000/problemas/1
Completed in 27ms (DB: 1) | 302 Found [http://localhost/problemas]


Processing ProblemasController#show (for 127.0.0.1 at 2009-06-08 18:29:34) [GET]
  Parameters: {"id"=>"1"}
  [4;36;1mProblema Load (0.3ms)[0m   [0;1mSELECT * FROM "problemas" WHERE ("problemas"."id" = 1) [0m
Rendering template within layouts/problemas
Rendering problemas/show
Completed in 11ms (View: 5, DB: 0) | 200 OK [http://localhost/problemas/1]


Processing ProblemasController#index (for 127.0.0.1 at 2009-06-08 18:29:39) [GET]
  [4;35;1mProblema Load (0.5ms)[0m   [0mSELECT * FROM "problemas" [0m
Rendering template within layouts/problemas
Rendering problemas/index
Completed in 8ms (View: 4, DB: 0) | 200 OK [http://localhost/problemas]


Processing ProblemasController#edit (for 127.0.0.1 at 2009-06-08 18:29:42) [GET]
  Parameters: {"id"=>"1"}
  [4;36;1mProblema Load (0.3ms)[0m   [0;1mSELECT * FROM "problemas" WHERE ("problemas"."id" = 1) [0m
Rendering template within layouts/problemas
Rendering problemas/edit
Completed in 13ms (View: 8, DB: 0) | 200 OK [http://localhost/problemas/1/edit]


Processing ProblemasController#destroy (for 127.0.0.1 at 2009-06-08 18:29:46) [DELETE]
  Parameters: {"authenticity_token"=>"5IkCXmuZlMi0NYV+890hvtJSRYLSTKCd7vSX7vINIKI=", "id"=>"1"}
  [4;35;1mProblema Load (0.5ms)[0m   [0mSELECT * FROM "problemas" WHERE ("problemas"."id" = 1) [0m
  [4;36;1mProblema Destroy (0.6ms)[0m   [0;1mDELETE FROM "problemas" WHERE "id" = 1[0m
Redirected to http://localhost:3000/problemas
Completed in 9ms (DB: 1) | 302 Found [http://localhost/problemas/1]


Processing ProblemasController#index (for 127.0.0.1 at 2009-06-08 18:29:47) [GET]
  [4;35;1mProblema Load (0.4ms)[0m   [0mSELECT * FROM "problemas" [0m
Rendering template within layouts/problemas
Rendering problemas/index
Completed in 5ms (View: 1, DB: 0) | 200 OK [http://localhost/problemas]
  [4;36;1mSQL (0.7ms)[0m   [0;1m SELECT name
 FROM sqlite_master
 WHERE type = 'table' AND NOT name = 'sqlite_sequence'
[0m
  [4;35;1mSQL (0.1ms)[0m   [0mSELECT version FROM schema_migrations[0m
  [4;36;1mSQL (0.1ms)[0m   [0;1mselect sqlite_version(*)[0m
  [4;35;1mSQL (0.4ms)[0m   [0m SELECT name
 FROM sqlite_master
 WHERE type = 'table' AND NOT name = 'sqlite_sequence'
[0m
  [4;36;1mSQL (2.0ms)[0m   [0;1mCREATE TABLE "problemas" ("id" INTEGER PRIMARY KEY AUTOINCREMENT NOT NULL, "id_no_pku" integer, "nome" varchar(255), "link" varchar(255), "categorias_old" integer, "origem_old" integer, "created_at" datetime, "updated_at" datetime) [0m
  [4;35;1mSQL (0.2ms)[0m   [0m SELECT name
 FROM sqlite_master
 WHERE type = 'table' AND NOT name = 'sqlite_sequence'
[0m
  [4;36;1mSQL (1.6ms)[0m   [0;1mCREATE TABLE "schema_migrations" ("version" varchar(255) NOT NULL) [0m
  [4;35;1mSQL (1.2ms)[0m   [0mCREATE UNIQUE INDEX "unique_schema_migrations" ON "schema_migrations" ("version")[0m
  [4;36;1mSQL (0.2ms)[0m   [0;1m SELECT name
 FROM sqlite_master
 WHERE type = 'table' AND NOT name = 'sqlite_sequence'
[0m
  [4;35;1mSQL (0.1ms)[0m   [0mSELECT version FROM "schema_migrations"[0m
  [4;36;1mSQL (15.1ms)[0m   [0;1mINSERT INTO "schema_migrations" (version) VALUES ('20090608212820')[0m
  [4;36;1mSQL (0.7ms)[0m   [0;1m SELECT name
 FROM sqlite_master
 WHERE type = 'table' AND NOT name = 'sqlite_sequence'
[0m
  [4;35;1mSQL (0.1ms)[0m   [0mSELECT version FROM schema_migrations[0m
  [4;36;1mSQL (0.1ms)[0m   [0;1mselect sqlite_version(*)[0m
  [4;35;1mSQL (0.4ms)[0m   [0m SELECT name
 FROM sqlite_master
 WHERE type = 'table' AND NOT name = 'sqlite_sequence'
[0m
  [4;36;1mSQL (1.7ms)[0m   [0;1mCREATE TABLE "problemas" ("id" INTEGER PRIMARY KEY AUTOINCREMENT NOT NULL, "id_no_pku" integer, "nome" varchar(255), "link" varchar(255), "categorias_old" integer, "origem_old" integer, "created_at" datetime, "updated_at" datetime) [0m
  [4;35;1mSQL (0.2ms)[0m   [0m SELECT name
 FROM sqlite_master
 WHERE type = 'table' AND NOT name = 'sqlite_sequence'
[0m
  [4;36;1mSQL (1.6ms)[0m   [0;1mCREATE TABLE "schema_migrations" ("version" varchar(255) NOT NULL) [0m
  [4;35;1mSQL (1.6ms)[0m   [0mCREATE UNIQUE INDEX "unique_schema_migrations" ON "schema_migrations" ("version")[0m
  [4;36;1mSQL (0.2ms)[0m   [0;1m SELECT name
 FROM sqlite_master
 WHERE type = 'table' AND NOT name = 'sqlite_sequence'
[0m
  [4;35;1mSQL (0.1ms)[0m   [0mSELECT version FROM "schema_migrations"[0m
  [4;36;1mSQL (1.5ms)[0m   [0;1mINSERT INTO "schema_migrations" (version) VALUES ('20090608212820')[0m
  [4;36;1mSQL (0.9ms)[0m   [0;1m SELECT name
 FROM sqlite_master
 WHERE type = 'table' AND NOT name = 'sqlite_sequence'
[0m
  [4;35;1mSQL (0.1ms)[0m   [0mSELECT version FROM schema_migrations[0m
  [4;36;1mSQL (0.1ms)[0m   [0;1mselect sqlite_version(*)[0m
  [4;35;1mSQL (0.5ms)[0m   [0m SELECT name
 FROM sqlite_master
 WHERE type = 'table' AND NOT name = 'sqlite_sequence'
[0m
  [4;36;1mSQL (1.9ms)[0m   [0;1mCREATE TABLE "problemas" ("id" INTEGER PRIMARY KEY AUTOINCREMENT NOT NULL, "id_no_pku" integer, "nome" varchar(255), "link" varchar(255), "categorias_old" integer, "origem_old" integer, "created_at" datetime, "updated_at" datetime) [0m
  [4;35;1mSQL (0.2ms)[0m   [0m SELECT name
 FROM sqlite_master
 WHERE type = 'table' AND NOT name = 'sqlite_sequence'
[0m
  [4;36;1mSQL (1.8ms)[0m   [0;1mCREATE TABLE "schema_migrations" ("version" varchar(255) NOT NULL) [0m
  [4;35;1mSQL (1.5ms)[0m   [0mCREATE UNIQUE INDEX "unique_schema_migrations" ON "schema_migrations" ("version")[0m
  [4;36;1mSQL (0.2ms)[0m   [0;1m SELECT name
 FROM sqlite_master
 WHERE type = 'table' AND NOT name = 'sqlite_sequence'
[0m
  [4;35;1mSQL (0.1ms)[0m   [0mSELECT version FROM "schema_migrations"[0m
  [4;36;1mSQL (1.5ms)[0m   [0;1mINSERT INTO "schema_migrations" (version) VALUES ('20090608212820')[0m
  [4;36;1mSQL (0.7ms)[0m   [0;1m SELECT name
 FROM sqlite_master
 WHERE type = 'table' AND NOT name = 'sqlite_sequence'
[0m
  [4;35;1mSQL (0.1ms)[0m   [0mSELECT version FROM schema_migrations[0m
  [4;36;1mSQL (0.1ms)[0m   [0;1mselect sqlite_version(*)[0m
  [4;35;1mSQL (0.4ms)[0m   [0m SELECT name
 FROM sqlite_master
 WHERE type = 'table' AND NOT name = 'sqlite_sequence'
[0m
  [4;36;1mSQL (2.1ms)[0m   [0;1mCREATE TABLE "problemas" ("id" INTEGER PRIMARY KEY AUTOINCREMENT NOT NULL, "id_no_pku" integer, "nome" varchar(255), "link" varchar(255), "categorias_old" integer, "origem_old" integer, "created_at" datetime, "updated_at" datetime) [0m
  [4;35;1mSQL (0.2ms)[0m   [0m SELECT name
 FROM sqlite_master
 WHERE type = 'table' AND NOT name = 'sqlite_sequence'
[0m
  [4;36;1mSQL (1.1ms)[0m   [0;1mCREATE TABLE "schema_migrations" ("version" varchar(255) NOT NULL) [0m
  [4;35;1mSQL (1.6ms)[0m   [0mCREATE UNIQUE INDEX "unique_schema_migrations" ON "schema_migrations" ("version")[0m
  [4;36;1mSQL (0.2ms)[0m   [0;1m SELECT name
 FROM sqlite_master
 WHERE type = 'table' AND NOT name = 'sqlite_sequence'
[0m
  [4;35;1mSQL (0.1ms)[0m   [0mSELECT version FROM "schema_migrations"[0m
  [4;36;1mSQL (1.5ms)[0m   [0;1mINSERT INTO "schema_migrations" (version) VALUES ('20090608212820')[0m
  [4;36;1mSQL (0.7ms)[0m   [0;1m SELECT name
 FROM sqlite_master
 WHERE type = 'table' AND NOT name = 'sqlite_sequence'
[0m
  [4;35;1mSQL (0.1ms)[0m   [0mSELECT version FROM schema_migrations[0m
  [4;36;1mSQL (0.1ms)[0m   [0;1mselect sqlite_version(*)[0m
  [4;35;1mSQL (0.4ms)[0m   [0m SELECT name
 FROM sqlite_master
 WHERE type = 'table' AND NOT name = 'sqlite_sequence'
[0m
  [4;36;1mSQL (1.5ms)[0m   [0;1mCREATE TABLE "problemas" ("id" INTEGER PRIMARY KEY AUTOINCREMENT NOT NULL, "id_no_pku" integer, "nome" varchar(255), "link" varchar(255), "categorias_old" integer, "origem_old" integer, "created_at" datetime, "updated_at" datetime) [0m
  [4;35;1mSQL (0.2ms)[0m   [0m SELECT name
 FROM sqlite_master
 WHERE type = 'table' AND NOT name = 'sqlite_sequence'
[0m
  [4;36;1mSQL (1.4ms)[0m   [0;1mCREATE TABLE "schema_migrations" ("version" varchar(255) NOT NULL) [0m
  [4;35;1mSQL (1.3ms)[0m   [0mCREATE UNIQUE INDEX "unique_schema_migrations" ON "schema_migrations" ("version")[0m
  [4;36;1mSQL (0.2ms)[0m   [0;1m SELECT name
 FROM sqlite_master
 WHERE type = 'table' AND NOT name = 'sqlite_sequence'
[0m
  [4;35;1mSQL (0.1ms)[0m   [0mSELECT version FROM "schema_migrations"[0m
  [4;36;1mSQL (1.6ms)[0m   [0;1mINSERT INTO "schema_migrations" (version) VALUES ('20090608212820')[0m
  [4;36;1mSQL (0.7ms)[0m   [0;1m SELECT name
 FROM sqlite_master
 WHERE type = 'table' AND NOT name = 'sqlite_sequence'
[0m
  [4;35;1mSQL (0.1ms)[0m   [0mSELECT version FROM schema_migrations[0m
  [4;36;1mSQL (0.1ms)[0m   [0;1mselect sqlite_version(*)[0m
  [4;35;1mSQL (0.5ms)[0m   [0m SELECT name
 FROM sqlite_master
 WHERE type = 'table' AND NOT name = 'sqlite_sequence'
[0m
  [4;36;1mSQL (2.2ms)[0m   [0;1mCREATE TABLE "problemas" ("id" INTEGER PRIMARY KEY AUTOINCREMENT NOT NULL, "id_no_pku" integer, "nome" varchar(255), "link" varchar(255), "categorias_old" integer, "origem_old" integer, "created_at" datetime, "updated_at" datetime) [0m
  [4;35;1mSQL (0.2ms)[0m   [0m SELECT name
 FROM sqlite_master
 WHERE type = 'table' AND NOT name = 'sqlite_sequence'
[0m
  [4;36;1mSQL (325.3ms)[0m   [0;1mCREATE TABLE "schema_migrations" ("version" varchar(255) NOT NULL) [0m
  [4;35;1mSQL (2.1ms)[0m   [0mCREATE UNIQUE INDEX "unique_schema_migrations" ON "schema_migrations" ("version")[0m
  [4;36;1mSQL (0.4ms)[0m   [0;1m SELECT name
 FROM sqlite_master
 WHERE type = 'table' AND NOT name = 'sqlite_sequence'
[0m
  [4;35;1mSQL (0.1ms)[0m   [0mSELECT version FROM "schema_migrations"[0m
  [4;36;1mSQL (4.4ms)[0m   [0;1mINSERT INTO "schema_migrations" (version) VALUES ('20090608212820')[0m


Processing ProblemasController#index (for 127.0.0.1 at 2009-06-08 19:07:29) [GET]
  [4;36;1mProblema Load (0.8ms)[0m   [0;1mSELECT * FROM "problemas" [0m
Rendering template within layouts/problemas
Rendering problemas/index
Completed in 14ms (View: 9, DB: 1) | 200 OK [http://localhost/problemas]


Processing ProblemasController#new (for 127.0.0.1 at 2009-06-08 19:07:30) [GET]
Rendering template within layouts/problemas
Rendering problemas/new
Completed in 13ms (View: 7, DB: 0) | 200 OK [http://localhost/problemas/new]
  [4;36;1mSQL (0.8ms)[0m   [0;1m SELECT name
 FROM sqlite_master
 WHERE type = 'table' AND NOT name = 'sqlite_sequence'
[0m
  [4;35;1mSQL (0.1ms)[0m   [0mSELECT version FROM schema_migrations[0m
Migrating to CreateProblemas (20090608212820)
Migrating to CreateNivels (20090608220927)
  [4;36;1mSQL (0.1ms)[0m   [0;1mselect sqlite_version(*)[0m
  [4;35;1mSQL (0.6ms)[0m   [0mCREATE TABLE "nivels" ("id" INTEGER PRIMARY KEY AUTOINCREMENT NOT NULL, "descricao" varchar(255), "created_at" datetime, "updated_at" datetime) [0m
  [4;36;1mSQL (0.1ms)[0m   [0;1mINSERT INTO schema_migrations (version) VALUES ('20090608220927')[0m
  [4;35;1mSQL (0.3ms)[0m   [0m SELECT name
 FROM sqlite_master
 WHERE type = 'table' AND NOT name = 'sqlite_sequence'
[0m
  [4;36;1mSQL (0.2ms)[0m   [0;1mSELECT version FROM schema_migrations[0m
  [4;35;1mSQL (0.2ms)[0m   [0m SELECT name
 FROM sqlite_master
 WHERE type = 'table' AND NOT name = 'sqlite_sequence'
[0m
  [4;36;1mSQL (0.2ms)[0m   [0;1mPRAGMA index_list("nivels")[0m
  [4;35;1mSQL (0.1ms)[0m   [0mPRAGMA index_list("problemas")[0m


Processing NivelsController#index (for 127.0.0.1 at 2009-06-08 19:11:29) [GET]
  [4;35;1mNivel Load (0.6ms)[0m   [0mSELECT * FROM "nivels" [0m
Rendering template within layouts/nivels
Rendering nivels/index
Completed in 18ms (View: 13, DB: 1) | 200 OK [http://localhost/nivels]


Processing NivelsController#index (for 127.0.0.1 at 2009-06-08 19:12:30) [GET]
  [4;36;1mNivel Load (0.6ms)[0m   [0;1mSELECT * FROM "nivels" [0m
Rendering template within layouts/nivels
Rendering nivels/index
Completed in 10ms (View: 6, DB: 1) | 200 OK [http://localhost/nivels]


Processing ApplicationController#index (for 127.0.0.1 at 2009-06-08 19:12:34) [GET]

ActionController::RoutingError (No route matches "/niveis" with {:method=>:get}):
  

Rendering rescues/layout (not_found)


Processing ApplicationController#index (for 127.0.0.1 at 2009-06-08 19:12:40) [GET]

ActionController::RoutingError (No route matches "/niveis" with {:method=>:get}):
  

Rendering rescues/layout (not_found)


Processing ApplicationController#index (for 127.0.0.1 at 2009-06-08 19:12:42) [GET]

ActionController::RoutingError (No route matches "/niveis" with {:method=>:get}):
  

Rendering rescues/layout (not_found)


Processing ApplicationController#index (for 127.0.0.1 at 2009-06-08 19:12:49) [GET]

ActionController::RoutingError (No route matches "/niveis" with {:method=>:get}):
  

Rendering rescues/layout (not_found)


Processing ApplicationController#index (for 127.0.0.1 at 2009-06-08 19:12:50) [GET]

ActionController::RoutingError (No route matches "/niveis" with {:method=>:get}):
  

Rendering rescues/layout (not_found)


Processing ApplicationController#index (for 127.0.0.1 at 2009-06-08 19:12:51) [GET]

ActionController::RoutingError (No route matches "/niveis" with {:method=>:get}):
  

Rendering rescues/layout (not_found)


Processing ApplicationController#index (for 127.0.0.1 at 2009-06-08 19:12:52) [GET]

ActionController::RoutingError (No route matches "/niveis" with {:method=>:get}):
  

Rendering rescues/layout (not_found)


Processing NivelsController#index (for 127.0.0.1 at 2009-06-08 19:12:54) [GET]
  [4;36;1mNivel Load (0.0ms)[0m   [0;1mSQLite3::SQLException: no such table: niveis: SELECT * FROM "niveis" [0m

ActiveRecord::StatementInvalid (SQLite3::SQLException: no such table: niveis: SELECT * FROM "niveis" ):
  app/controllers/nivels_controller.rb:5:in `index'
  haml (2.0.9) lib/sass/plugin/rails.rb:19:in `process'

Rendered rescues/_trace (40.1ms)
Rendered rescues/_request_and_response (1.2ms)
Rendering rescues/layout (internal_server_error)


Processing NivelsController#index (for 127.0.0.1 at 2009-06-08 19:12:56) [GET]
  [4;35;1mNivel Load (0.0ms)[0m   [0mSQLite3::SQLException: no such table: niveis: SELECT * FROM "niveis" [0m

ActiveRecord::StatementInvalid (SQLite3::SQLException: no such table: niveis: SELECT * FROM "niveis" ):
  app/controllers/nivels_controller.rb:5:in `index'
  haml (2.0.9) lib/sass/plugin/rails.rb:19:in `process'

Rendered rescues/_trace (96.3ms)
Rendered rescues/_request_and_response (0.2ms)
Rendering rescues/layout (internal_server_error)
  [4;36;1mSQL (0.7ms)[0m   [0;1m SELECT name
 FROM sqlite_master
 WHERE type = 'table' AND NOT name = 'sqlite_sequence'
[0m
  [4;35;1mSQL (0.2ms)[0m   [0mselect sqlite_version(*)[0m
  [4;36;1mSQL (1.8ms)[0m   [0;1mCREATE TABLE "schema_migrations" ("version" varchar(255) NOT NULL) [0m
  [4;35;1mSQL (1.5ms)[0m   [0mCREATE UNIQUE INDEX "unique_schema_migrations" ON "schema_migrations" ("version")[0m
  [4;36;1mSQL (0.1ms)[0m   [0;1m SELECT name
 FROM sqlite_master
 WHERE type = 'table' AND NOT name = 'sqlite_sequence'
[0m
  [4;35;1mSQL (0.1ms)[0m   [0mSELECT version FROM schema_migrations[0m
Migrating to CreateProblemas (20090608212820)
  [4;36;1mSQL (0.5ms)[0m   [0;1mCREATE TABLE "problemas" ("id" INTEGER PRIMARY KEY AUTOINCREMENT NOT NULL, "id_no_pku" integer, "nome" varchar(255), "link" varchar(255), "categorias_old" integer, "origem_old" integer, "created_at" datetime, "updated_at" datetime) [0m
  [4;35;1mSQL (0.1ms)[0m   [0mINSERT INTO schema_migrations (version) VALUES ('20090608212820')[0m
Migrating to CreateNivels (20090608220927)
  [4;36;1mSQL (0.4ms)[0m   [0;1mCREATE TABLE "nivels" ("id" INTEGER PRIMARY KEY AUTOINCREMENT NOT NULL, "descricao" varchar(255), "created_at" datetime, "updated_at" datetime) [0m
  [4;35;1mSQL (0.1ms)[0m   [0mINSERT INTO schema_migrations (version) VALUES ('20090608220927')[0m
  [4;36;1mSQL (0.3ms)[0m   [0;1m SELECT name
 FROM sqlite_master
 WHERE type = 'table' AND NOT name = 'sqlite_sequence'
[0m
  [4;35;1mSQL (0.1ms)[0m   [0mSELECT version FROM schema_migrations[0m
  [4;36;1mSQL (0.2ms)[0m   [0;1m SELECT name
 FROM sqlite_master
 WHERE type = 'table' AND NOT name = 'sqlite_sequence'
[0m
  [4;35;1mSQL (0.1ms)[0m   [0mPRAGMA index_list("nivels")[0m
  [4;36;1mSQL (0.0ms)[0m   [0;1mPRAGMA index_list("problemas")[0m


Processing ApplicationController#index (for 127.0.0.1 at 2009-06-08 19:13:11) [GET]

ActionController::RoutingError (No route matches "/nive" with {:method=>:get}):
  

Rendering rescues/layout (not_found)


Processing ApplicationController#index (for 127.0.0.1 at 2009-06-08 19:13:14) [GET]

ActionController::RoutingError (No route matches "/niveis" with {:method=>:get}):
  

Rendering rescues/layout (not_found)


Processing NivelsController#index (for 127.0.0.1 at 2009-06-08 19:13:16) [GET]
  [4;36;1mNivel Load (0.0ms)[0m   [0;1mSQLite3::SQLException: no such table: niveis: SELECT * FROM "niveis" [0m

ActiveRecord::StatementInvalid (SQLite3::SQLException: no such table: niveis: SELECT * FROM "niveis" ):
  app/controllers/nivels_controller.rb:5:in `index'
  haml (2.0.9) lib/sass/plugin/rails.rb:19:in `process'

Rendered rescues/_trace (36.3ms)
Rendered rescues/_request_and_response (0.2ms)
Rendering rescues/layout (internal_server_error)


Processing NivelsController#index (for 127.0.0.1 at 2009-06-08 19:13:20) [GET]
  [4;35;1mNivel Load (0.0ms)[0m   [0mSQLite3::SQLException: no such table: niveis: SELECT * FROM "niveis" [0m

ActiveRecord::StatementInvalid (SQLite3::SQLException: no such table: niveis: SELECT * FROM "niveis" ):
  app/controllers/nivels_controller.rb:5:in `index'
  haml (2.0.9) lib/sass/plugin/rails.rb:19:in `process'

Rendered rescues/_trace (102.4ms)
Rendered rescues/_request_and_response (0.3ms)
Rendering rescues/layout (internal_server_error)
  [4;36;1mSQL (0.8ms)[0m   [0;1m SELECT name
 FROM sqlite_master
 WHERE type = 'table' AND NOT name = 'sqlite_sequence'
[0m
  [4;35;1mSQL (0.2ms)[0m   [0mSELECT version FROM schema_migrations[0m
Migrating to CreateProblemas (20090608212820)
Migrating to CreateNivels (20090608220927)
  [4;36;1mSQL (0.1ms)[0m   [0;1mselect sqlite_version(*)[0m
  [4;35;1mSQL (0.2ms)[0m   [0m SELECT name
 FROM sqlite_master
 WHERE type = 'table' AND NOT name = 'sqlite_sequence'
[0m
  [4;36;1mSQL (0.1ms)[0m   [0;1mSELECT version FROM schema_migrations[0m
  [4;35;1mSQL (0.2ms)[0m   [0m SELECT name
 FROM sqlite_master
 WHERE type = 'table' AND NOT name = 'sqlite_sequence'
[0m
  [4;36;1mSQL (0.0ms)[0m   [0;1mPRAGMA index_list("nivels")[0m
  [4;35;1mSQL (0.0ms)[0m   [0mPRAGMA index_list("problemas")[0m
  [4;36;1mSQL (0.7ms)[0m   [0;1m SELECT name
 FROM sqlite_master
 WHERE type = 'table' AND NOT name = 'sqlite_sequence'
[0m
  [4;35;1mSQL (0.2ms)[0m   [0mselect sqlite_version(*)[0m
  [4;36;1mSQL (1.9ms)[0m   [0;1mCREATE TABLE "schema_migrations" ("version" varchar(255) NOT NULL) [0m
  [4;35;1mSQL (1.6ms)[0m   [0mCREATE UNIQUE INDEX "unique_schema_migrations" ON "schema_migrations" ("version")[0m
  [4;36;1mSQL (0.2ms)[0m   [0;1m SELECT name
 FROM sqlite_master
 WHERE type = 'table' AND NOT name = 'sqlite_sequence'
[0m
  [4;35;1mSQL (0.1ms)[0m   [0mSELECT version FROM schema_migrations[0m
Migrating to CreateProblemas (20090608212820)
  [4;36;1mSQL (0.7ms)[0m   [0;1mCREATE TABLE "problemas" ("id" INTEGER PRIMARY KEY AUTOINCREMENT NOT NULL, "id_no_pku" integer, "nome" varchar(255), "link" varchar(255), "categorias_old" integer, "origem_old" integer, "created_at" datetime, "updated_at" datetime) [0m
  [4;35;1mSQL (0.1ms)[0m   [0mINSERT INTO schema_migrations (version) VALUES ('20090608212820')[0m
Migrating to CreateNivels (20090608220927)
  [4;36;1mSQL (0.4ms)[0m   [0;1mCREATE TABLE "nivels" ("id" INTEGER PRIMARY KEY AUTOINCREMENT NOT NULL, "descricao" varchar(255), "created_at" datetime, "updated_at" datetime) [0m
  [4;35;1mSQL (0.1ms)[0m   [0mINSERT INTO schema_migrations (version) VALUES ('20090608220927')[0m
Migrating to CreateNiveis (20090608221356)
  [4;36;1mSQL (0.4ms)[0m   [0;1mCREATE TABLE "niveis" ("id" INTEGER PRIMARY KEY AUTOINCREMENT NOT NULL, "descricao" varchar(255), "created_at" datetime, "updated_at" datetime) [0m
  [4;35;1mSQL (0.1ms)[0m   [0mINSERT INTO schema_migrations (version) VALUES ('20090608221356')[0m
  [4;36;1mSQL (0.3ms)[0m   [0;1m SELECT name
 FROM sqlite_master
 WHERE type = 'table' AND NOT name = 'sqlite_sequence'
[0m
  [4;35;1mSQL (0.2ms)[0m   [0mSELECT version FROM schema_migrations[0m
  [4;36;1mSQL (0.2ms)[0m   [0;1m SELECT name
 FROM sqlite_master
 WHERE type = 'table' AND NOT name = 'sqlite_sequence'
[0m
  [4;35;1mSQL (0.0ms)[0m   [0mPRAGMA index_list("niveis")[0m
  [4;36;1mSQL (0.0ms)[0m   [0;1mPRAGMA index_list("nivels")[0m
  [4;35;1mSQL (0.0ms)[0m   [0mPRAGMA index_list("problemas")[0m


Processing NiveisController#index (for 127.0.0.1 at 2009-06-08 19:14:36) [GET]
  [4;36;1mNivel Load (0.7ms)[0m   [0;1mSELECT * FROM "niveis" [0m
Rendering template within layouts/niveis
Rendering niveis/index
Completed in 16ms (View: 11, DB: 1) | 200 OK [http://localhost/niveis]


Processing NiveisController#index (for 127.0.0.1 at 2009-06-08 19:14:59) [GET]
  [4;35;1mNivel Load (0.6ms)[0m   [0mSELECT * FROM "niveis" [0m
Rendering template within layouts/niveis
Rendering niveis/index
Completed in 8ms (View: 4, DB: 1) | 200 OK [http://localhost/niveis]


Processing NiveisController#index (for 127.0.0.1 at 2009-06-08 19:15:01) [GET]
  [4;36;1mNivel Load (0.7ms)[0m   [0;1mSELECT * FROM "niveis" [0m
Rendering template within layouts/niveis
Rendering niveis/index
Completed in 9ms (View: 5, DB: 1) | 200 OK [http://localhost/niveis]


Processing NiveisController#edit (for 127.0.0.1 at 2009-06-08 19:15:04) [GET]
  Parameters: {"id"=>"50"}
  [4;35;1mNivel Load (0.2ms)[0m   [0mSELECT * FROM "niveis" WHERE ("niveis"."id" = 50) [0m
Rendering template within layouts/niveis
Rendering niveis/edit
Completed in 9ms (View: 5, DB: 0) | 200 OK [http://localhost/niveis/50/edit]
  [4;36;1mSQL (0.8ms)[0m   [0;1m SELECT name
 FROM sqlite_master
 WHERE type = 'table' AND NOT name = 'sqlite_sequence'
[0m
  [4;35;1mSQL (0.2ms)[0m   [0mSELECT version FROM schema_migrations[0m
  [4;36;1mSQL (0.1ms)[0m   [0;1mselect sqlite_version(*)[0m
  [4;35;1mSQL (0.4ms)[0m   [0m SELECT name
 FROM sqlite_master
 WHERE type = 'table' AND NOT name = 'sqlite_sequence'
[0m
  [4;36;1mSQL (1.9ms)[0m   [0;1mCREATE TABLE "niveis" ("id" INTEGER PRIMARY KEY AUTOINCREMENT NOT NULL, "descricao" varchar(255), "created_at" datetime, "updated_at" datetime) [0m
  [4;35;1mSQL (0.2ms)[0m   [0m SELECT name
 FROM sqlite_master
 WHERE type = 'table' AND NOT name = 'sqlite_sequence'
[0m
  [4;36;1mSQL (1.6ms)[0m   [0;1mCREATE TABLE "nivels" ("id" INTEGER PRIMARY KEY AUTOINCREMENT NOT NULL, "descricao" varchar(255), "created_at" datetime, "updated_at" datetime) [0m
  [4;35;1mSQL (0.2ms)[0m   [0m SELECT name
 FROM sqlite_master
 WHERE type = 'table' AND NOT name = 'sqlite_sequence'
[0m
  [4;36;1mSQL (1.9ms)[0m   [0;1mCREATE TABLE "problemas" ("id" INTEGER PRIMARY KEY AUTOINCREMENT NOT NULL, "id_no_pku" integer, "nome" varchar(255), "link" varchar(255), "categorias_old" integer, "origem_old" integer, "created_at" datetime, "updated_at" datetime) [0m
  [4;35;1mSQL (0.2ms)[0m   [0m SELECT name
 FROM sqlite_master
 WHERE type = 'table' AND NOT name = 'sqlite_sequence'
[0m
  [4;36;1mSQL (1.6ms)[0m   [0;1mCREATE TABLE "schema_migrations" ("version" varchar(255) NOT NULL) [0m
  [4;35;1mSQL (1.7ms)[0m   [0mCREATE UNIQUE INDEX "unique_schema_migrations" ON "schema_migrations" ("version")[0m
  [4;36;1mSQL (0.2ms)[0m   [0;1m SELECT name
 FROM sqlite_master
 WHERE type = 'table' AND NOT name = 'sqlite_sequence'
[0m
  [4;35;1mSQL (0.1ms)[0m   [0mSELECT version FROM "schema_migrations"[0m
  [4;36;1mSQL (1.5ms)[0m   [0;1mINSERT INTO "schema_migrations" (version) VALUES ('20090608221356')[0m
  [4;35;1mSQL (1.6ms)[0m   [0mINSERT INTO "schema_migrations" (version) VALUES ('20090608212820')[0m
  [4;36;1mSQL (1.1ms)[0m   [0;1mINSERT INTO "schema_migrations" (version) VALUES ('20090608220927')[0m
  [4;36;1mSQL (0.8ms)[0m   [0;1m SELECT name
 FROM sqlite_master
 WHERE type = 'table' AND NOT name = 'sqlite_sequence'
[0m
  [4;35;1mSQL (0.2ms)[0m   [0mSELECT version FROM schema_migrations[0m
  [4;36;1mSQL (0.1ms)[0m   [0;1mselect sqlite_version(*)[0m
  [4;35;1mSQL (0.5ms)[0m   [0m SELECT name
 FROM sqlite_master
 WHERE type = 'table' AND NOT name = 'sqlite_sequence'
[0m
  [4;36;1mSQL (2.1ms)[0m   [0;1mCREATE TABLE "niveis" ("id" INTEGER PRIMARY KEY AUTOINCREMENT NOT NULL, "descricao" varchar(255), "created_at" datetime, "updated_at" datetime) [0m
  [4;35;1mSQL (0.3ms)[0m   [0m SELECT name
 FROM sqlite_master
 WHERE type = 'table' AND NOT name = 'sqlite_sequence'
[0m
  [4;36;1mSQL (1.7ms)[0m   [0;1mCREATE TABLE "nivels" ("id" INTEGER PRIMARY KEY AUTOINCREMENT NOT NULL, "descricao" varchar(255), "created_at" datetime, "updated_at" datetime) [0m
  [4;35;1mSQL (0.3ms)[0m   [0m SELECT name
 FROM sqlite_master
 WHERE type = 'table' AND NOT name = 'sqlite_sequence'
[0m
  [4;36;1mSQL (1.9ms)[0m   [0;1mCREATE TABLE "problemas" ("id" INTEGER PRIMARY KEY AUTOINCREMENT NOT NULL, "id_no_pku" integer, "nome" varchar(255), "link" varchar(255), "categorias_old" integer, "origem_old" integer, "created_at" datetime, "updated_at" datetime) [0m
  [4;35;1mSQL (0.3ms)[0m   [0m SELECT name
 FROM sqlite_master
 WHERE type = 'table' AND NOT name = 'sqlite_sequence'
[0m
  [4;36;1mSQL (1.6ms)[0m   [0;1mCREATE TABLE "schema_migrations" ("version" varchar(255) NOT NULL) [0m
  [4;35;1mSQL (2.1ms)[0m   [0mCREATE UNIQUE INDEX "unique_schema_migrations" ON "schema_migrations" ("version")[0m
  [4;36;1mSQL (0.3ms)[0m   [0;1m SELECT name
 FROM sqlite_master
 WHERE type = 'table' AND NOT name = 'sqlite_sequence'
[0m
  [4;35;1mSQL (0.1ms)[0m   [0mSELECT version FROM "schema_migrations"[0m
  [4;36;1mSQL (1.7ms)[0m   [0;1mINSERT INTO "schema_migrations" (version) VALUES ('20090608221356')[0m
  [4;35;1mSQL (2.6ms)[0m   [0mINSERT INTO "schema_migrations" (version) VALUES ('20090608212820')[0m
  [4;36;1mSQL (1.8ms)[0m   [0;1mINSERT INTO "schema_migrations" (version) VALUES ('20090608220927')[0m
  [4;36;1mSQL (0.8ms)[0m   [0;1m SELECT name
 FROM sqlite_master
 WHERE type = 'table' AND NOT name = 'sqlite_sequence'
[0m
  [4;35;1mSQL (0.2ms)[0m   [0mSELECT version FROM schema_migrations[0m
  [4;36;1mSQL (0.1ms)[0m   [0;1mselect sqlite_version(*)[0m
  [4;35;1mSQL (0.4ms)[0m   [0m SELECT name
 FROM sqlite_master
 WHERE type = 'table' AND NOT name = 'sqlite_sequence'
[0m
  [4;36;1mSQL (2.1ms)[0m   [0;1mCREATE TABLE "niveis" ("id" INTEGER PRIMARY KEY AUTOINCREMENT NOT NULL, "descricao" varchar(255), "created_at" datetime, "updated_at" datetime) [0m
  [4;35;1mSQL (0.2ms)[0m   [0m SELECT name
 FROM sqlite_master
 WHERE type = 'table' AND NOT name = 'sqlite_sequence'
[0m
  [4;36;1mSQL (1.6ms)[0m   [0;1mCREATE TABLE "nivels" ("id" INTEGER PRIMARY KEY AUTOINCREMENT NOT NULL, "descricao" varchar(255), "created_at" datetime, "updated_at" datetime) [0m
  [4;35;1mSQL (0.2ms)[0m   [0m SELECT name
 FROM sqlite_master
 WHERE type = 'table' AND NOT name = 'sqlite_sequence'
[0m
  [4;36;1mSQL (1.4ms)[0m   [0;1mCREATE TABLE "problemas" ("id" INTEGER PRIMARY KEY AUTOINCREMENT NOT NULL, "id_no_pku" integer, "nome" varchar(255), "link" varchar(255), "categorias_old" integer, "origem_old" integer, "created_at" datetime, "updated_at" datetime) [0m
  [4;35;1mSQL (0.2ms)[0m   [0m SELECT name
 FROM sqlite_master
 WHERE type = 'table' AND NOT name = 'sqlite_sequence'
[0m
  [4;36;1mSQL (1.7ms)[0m   [0;1mCREATE TABLE "schema_migrations" ("version" varchar(255) NOT NULL) [0m
  [4;35;1mSQL (1.5ms)[0m   [0mCREATE UNIQUE INDEX "unique_schema_migrations" ON "schema_migrations" ("version")[0m
  [4;36;1mSQL (0.2ms)[0m   [0;1m SELECT name
 FROM sqlite_master
 WHERE type = 'table' AND NOT name = 'sqlite_sequence'
[0m
  [4;35;1mSQL (0.1ms)[0m   [0mSELECT version FROM "schema_migrations"[0m
  [4;36;1mSQL (1.5ms)[0m   [0;1mINSERT INTO "schema_migrations" (version) VALUES ('20090608221356')[0m
  [4;35;1mSQL (1.5ms)[0m   [0mINSERT INTO "schema_migrations" (version) VALUES ('20090608212820')[0m
  [4;36;1mSQL (1.5ms)[0m   [0;1mINSERT INTO "schema_migrations" (version) VALUES ('20090608220927')[0m
  [4;36;1mSQL (0.8ms)[0m   [0;1m SELECT name
 FROM sqlite_master
 WHERE type = 'table' AND NOT name = 'sqlite_sequence'
[0m
  [4;35;1mSQL (0.2ms)[0m   [0mSELECT version FROM schema_migrations[0m
  [4;36;1mSQL (0.1ms)[0m   [0;1mselect sqlite_version(*)[0m
  [4;35;1mSQL (0.4ms)[0m   [0m SELECT name
 FROM sqlite_master
 WHERE type = 'table' AND NOT name = 'sqlite_sequence'
[0m
  [4;36;1mSQL (2.3ms)[0m   [0;1mCREATE TABLE "niveis" ("id" INTEGER PRIMARY KEY AUTOINCREMENT NOT NULL, "descricao" varchar(255), "created_at" datetime, "updated_at" datetime) [0m
  [4;35;1mSQL (0.3ms)[0m   [0m SELECT name
 FROM sqlite_master
 WHERE type = 'table' AND NOT name = 'sqlite_sequence'
[0m
  [4;36;1mSQL (1.2ms)[0m   [0;1mCREATE TABLE "nivels" ("id" INTEGER PRIMARY KEY AUTOINCREMENT NOT NULL, "descricao" varchar(255), "created_at" datetime, "updated_at" datetime) [0m
  [4;35;1mSQL (0.2ms)[0m   [0m SELECT name
 FROM sqlite_master
 WHERE type = 'table' AND NOT name = 'sqlite_sequence'
[0m
  [4;36;1mSQL (19.5ms)[0m   [0;1mCREATE TABLE "problemas" ("id" INTEGER PRIMARY KEY AUTOINCREMENT NOT NULL, "id_no_pku" integer, "nome" varchar(255), "link" varchar(255), "categorias_old" integer, "origem_old" integer, "created_at" datetime, "updated_at" datetime) [0m
  [4;35;1mSQL (0.3ms)[0m   [0m SELECT name
 FROM sqlite_master
 WHERE type = 'table' AND NOT name = 'sqlite_sequence'
[0m
  [4;36;1mSQL (1.6ms)[0m   [0;1mCREATE TABLE "schema_migrations" ("version" varchar(255) NOT NULL) [0m
  [4;35;1mSQL (4.9ms)[0m   [0mCREATE UNIQUE INDEX "unique_schema_migrations" ON "schema_migrations" ("version")[0m
  [4;36;1mSQL (0.3ms)[0m   [0;1m SELECT name
 FROM sqlite_master
 WHERE type = 'table' AND NOT name = 'sqlite_sequence'
[0m
  [4;35;1mSQL (0.1ms)[0m   [0mSELECT version FROM "schema_migrations"[0m
  [4;36;1mSQL (1.8ms)[0m   [0;1mINSERT INTO "schema_migrations" (version) VALUES ('20090608221356')[0m
  [4;35;1mSQL (5.2ms)[0m   [0mINSERT INTO "schema_migrations" (version) VALUES ('20090608212820')[0m
  [4;36;1mSQL (1.6ms)[0m   [0;1mINSERT INTO "schema_migrations" (version) VALUES ('20090608220927')[0m
  [4;36;1mSQL (0.8ms)[0m   [0;1m SELECT name
 FROM sqlite_master
 WHERE type = 'table' AND NOT name = 'sqlite_sequence'
[0m
  [4;35;1mSQL (0.2ms)[0m   [0mSELECT version FROM schema_migrations[0m
  [4;36;1mSQL (0.1ms)[0m   [0;1mselect sqlite_version(*)[0m
  [4;35;1mSQL (0.4ms)[0m   [0m SELECT name
 FROM sqlite_master
 WHERE type = 'table' AND NOT name = 'sqlite_sequence'
[0m
  [4;36;1mSQL (2.2ms)[0m   [0;1mCREATE TABLE "niveis" ("id" INTEGER PRIMARY KEY AUTOINCREMENT NOT NULL, "descricao" varchar(255), "created_at" datetime, "updated_at" datetime) [0m
  [4;35;1mSQL (0.2ms)[0m   [0m SELECT name
 FROM sqlite_master
 WHERE type = 'table' AND NOT name = 'sqlite_sequence'
[0m
  [4;36;1mSQL (1.4ms)[0m   [0;1mCREATE TABLE "nivels" ("id" INTEGER PRIMARY KEY AUTOINCREMENT NOT NULL, "descricao" varchar(255), "created_at" datetime, "updated_at" datetime) [0m
  [4;35;1mSQL (0.2ms)[0m   [0m SELECT name
 FROM sqlite_master
 WHERE type = 'table' AND NOT name = 'sqlite_sequence'
[0m
  [4;36;1mSQL (1.7ms)[0m   [0;1mCREATE TABLE "problemas" ("id" INTEGER PRIMARY KEY AUTOINCREMENT NOT NULL, "id_no_pku" integer, "nome" varchar(255), "link" varchar(255), "categorias_old" integer, "origem_old" integer, "created_at" datetime, "updated_at" datetime) [0m
  [4;35;1mSQL (0.2ms)[0m   [0m SELECT name
 FROM sqlite_master
 WHERE type = 'table' AND NOT name = 'sqlite_sequence'
[0m
  [4;36;1mSQL (1.5ms)[0m   [0;1mCREATE TABLE "schema_migrations" ("version" varchar(255) NOT NULL) [0m
  [4;35;1mSQL (2.0ms)[0m   [0mCREATE UNIQUE INDEX "unique_schema_migrations" ON "schema_migrations" ("version")[0m
  [4;36;1mSQL (0.2ms)[0m   [0;1m SELECT name
 FROM sqlite_master
 WHERE type = 'table' AND NOT name = 'sqlite_sequence'
[0m
  [4;35;1mSQL (0.1ms)[0m   [0mSELECT version FROM "schema_migrations"[0m
  [4;36;1mSQL (1.6ms)[0m   [0;1mINSERT INTO "schema_migrations" (version) VALUES ('20090608221356')[0m
  [4;35;1mSQL (1.8ms)[0m   [0mINSERT INTO "schema_migrations" (version) VALUES ('20090608212820')[0m
  [4;36;1mSQL (1.4ms)[0m   [0;1mINSERT INTO "schema_migrations" (version) VALUES ('20090608220927')[0m
  [4;36;1mSQL (0.9ms)[0m   [0;1m SELECT name
 FROM sqlite_master
 WHERE type = 'table' AND NOT name = 'sqlite_sequence'
[0m
  [4;35;1mSQL (0.2ms)[0m   [0mSELECT version FROM schema_migrations[0m
  [4;36;1mSQL (0.1ms)[0m   [0;1mselect sqlite_version(*)[0m
  [4;35;1mSQL (0.4ms)[0m   [0m SELECT name
 FROM sqlite_master
 WHERE type = 'table' AND NOT name = 'sqlite_sequence'
[0m
  [4;36;1mSQL (1.8ms)[0m   [0;1mCREATE TABLE "niveis" ("id" INTEGER PRIMARY KEY AUTOINCREMENT NOT NULL, "descricao" varchar(255), "created_at" datetime, "updated_at" datetime) [0m
  [4;35;1mSQL (0.2ms)[0m   [0m SELECT name
 FROM sqlite_master
 WHERE type = 'table' AND NOT name = 'sqlite_sequence'
[0m
  [4;36;1mSQL (1.2ms)[0m   [0;1mCREATE TABLE "nivels" ("id" INTEGER PRIMARY KEY AUTOINCREMENT NOT NULL, "descricao" varchar(255), "created_at" datetime, "updated_at" datetime) [0m
  [4;35;1mSQL (0.2ms)[0m   [0m SELECT name
 FROM sqlite_master
 WHERE type = 'table' AND NOT name = 'sqlite_sequence'
[0m
  [4;36;1mSQL (1.4ms)[0m   [0;1mCREATE TABLE "problemas" ("id" INTEGER PRIMARY KEY AUTOINCREMENT NOT NULL, "id_no_pku" integer, "nome" varchar(255), "link" varchar(255), "categorias_old" integer, "origem_old" integer, "created_at" datetime, "updated_at" datetime) [0m
  [4;35;1mSQL (0.2ms)[0m   [0m SELECT name
 FROM sqlite_master
 WHERE type = 'table' AND NOT name = 'sqlite_sequence'
[0m
  [4;36;1mSQL (1.4ms)[0m   [0;1mCREATE TABLE "schema_migrations" ("version" varchar(255) NOT NULL) [0m
  [4;35;1mSQL (1.8ms)[0m   [0mCREATE UNIQUE INDEX "unique_schema_migrations" ON "schema_migrations" ("version")[0m
  [4;36;1mSQL (0.2ms)[0m   [0;1m SELECT name
 FROM sqlite_master
 WHERE type = 'table' AND NOT name = 'sqlite_sequence'
[0m
  [4;35;1mSQL (0.1ms)[0m   [0mSELECT version FROM "schema_migrations"[0m
  [4;36;1mSQL (1.4ms)[0m   [0;1mINSERT INTO "schema_migrations" (version) VALUES ('20090608221356')[0m
  [4;35;1mSQL (1.3ms)[0m   [0mINSERT INTO "schema_migrations" (version) VALUES ('20090608212820')[0m
  [4;36;1mSQL (1.5ms)[0m   [0;1mINSERT INTO "schema_migrations" (version) VALUES ('20090608220927')[0m
  [4;36;1mSQL (0.8ms)[0m   [0;1m SELECT name
 FROM sqlite_master
 WHERE type = 'table' AND NOT name = 'sqlite_sequence'
[0m
  [4;35;1mSQL (0.2ms)[0m   [0mSELECT version FROM schema_migrations[0m
  [4;36;1mSQL (0.1ms)[0m   [0;1mselect sqlite_version(*)[0m
  [4;35;1mSQL (0.4ms)[0m   [0m SELECT name
 FROM sqlite_master
 WHERE type = 'table' AND NOT name = 'sqlite_sequence'
[0m
  [4;36;1mSQL (2.5ms)[0m   [0;1mCREATE TABLE "niveis" ("id" INTEGER PRIMARY KEY AUTOINCREMENT NOT NULL, "descricao" varchar(255), "created_at" datetime, "updated_at" datetime) [0m
  [4;35;1mSQL (0.2ms)[0m   [0m SELECT name
 FROM sqlite_master
 WHERE type = 'table' AND NOT name = 'sqlite_sequence'
[0m
  [4;36;1mSQL (1.6ms)[0m   [0;1mCREATE TABLE "nivels" ("id" INTEGER PRIMARY KEY AUTOINCREMENT NOT NULL, "descricao" varchar(255), "created_at" datetime, "updated_at" datetime) [0m
  [4;35;1mSQL (0.2ms)[0m   [0m SELECT name
 FROM sqlite_master
 WHERE type = 'table' AND NOT name = 'sqlite_sequence'
[0m
  [4;36;1mSQL (24.9ms)[0m   [0;1mCREATE TABLE "problemas" ("id" INTEGER PRIMARY KEY AUTOINCREMENT NOT NULL, "id_no_pku" integer, "nome" varchar(255), "link" varchar(255), "categorias_old" integer, "origem_old" integer, "created_at" datetime, "updated_at" datetime) [0m
  [4;35;1mSQL (0.6ms)[0m   [0m SELECT name
 FROM sqlite_master
 WHERE type = 'table' AND NOT name = 'sqlite_sequence'
[0m
  [4;36;1mSQL (5.5ms)[0m   [0;1mCREATE TABLE "schema_migrations" ("version" varchar(255) NOT NULL) [0m
  [4;35;1mSQL (1.9ms)[0m   [0mCREATE UNIQUE INDEX "unique_schema_migrations" ON "schema_migrations" ("version")[0m
  [4;36;1mSQL (0.5ms)[0m   [0;1m SELECT name
 FROM sqlite_master
 WHERE type = 'table' AND NOT name = 'sqlite_sequence'
[0m
  [4;35;1mSQL (0.2ms)[0m   [0mSELECT version FROM "schema_migrations"[0m
  [4;36;1mSQL (4.9ms)[0m   [0;1mINSERT INTO "schema_migrations" (version) VALUES ('20090608221356')[0m
  [4;35;1mSQL (1.8ms)[0m   [0mINSERT INTO "schema_migrations" (version) VALUES ('20090608212820')[0m
  [4;36;1mSQL (1.8ms)[0m   [0;1mINSERT INTO "schema_migrations" (version) VALUES ('20090608220927')[0m


Processing Rails::InfoController#properties (for 127.0.0.1 at 2009-08-24 18:06:53) [GET]
  [4;36;1mSQL (0.4ms)[0m   [0;1m SELECT name
 FROM sqlite_master
 WHERE type = 'table' AND NOT name = 'sqlite_sequence'
[0m
Completed in 30ms (View: 2, DB: 0) | 200 OK [http://localhost/rails/info/properties]


Processing NivelsController#index (for 127.0.0.1 at 2009-08-24 18:07:18) [GET]
  [4;35;1mNivel Load (0.0ms)[0m   [0mSQLite3::SQLException: no such table: niveis: SELECT * FROM "niveis" [0m

ActiveRecord::StatementInvalid (SQLite3::SQLException: no such table: niveis: SELECT * FROM "niveis" ):
  app/controllers/nivels_controller.rb:5:in `index'
  haml (2.2.2) lib/sass/plugin/rails.rb:19:in `process'

Rendered rescues/_trace (47.0ms)
Rendered rescues/_request_and_response (1.3ms)
Rendering rescues/layout (internal_server_error)
  [4;36;1mSQL (0.3ms)[0m   [0;1m SELECT name
 FROM sqlite_master
 WHERE type = 'table' AND NOT name = 'sqlite_sequence'
[0m
  [4;35;1mSQL (0.1ms)[0m   [0mselect sqlite_version(*)[0m
  [4;36;1mSQL (6.0ms)[0m   [0;1mCREATE TABLE "schema_migrations" ("version" varchar(255) NOT NULL) [0m
  [4;35;1mSQL (12.0ms)[0m   [0mCREATE UNIQUE INDEX "unique_schema_migrations" ON "schema_migrations" ("version")[0m
  [4;36;1mSQL (0.2ms)[0m   [0;1m SELECT name
 FROM sqlite_master
 WHERE type = 'table' AND NOT name = 'sqlite_sequence'
[0m
  [4;35;1mSQL (0.1ms)[0m   [0mSELECT version FROM schema_migrations[0m
Migrating to CreateProblemas (20090608212820)
  [4;36;1mSQL (0.4ms)[0m   [0;1mCREATE TABLE "problemas" ("id" INTEGER PRIMARY KEY AUTOINCREMENT NOT NULL, "id_no_pku" integer, "nome" varchar(255), "link" varchar(255), "categorias_old" integer, "origem_old" integer, "created_at" datetime, "updated_at" datetime) [0m
  [4;35;1mSQL (0.1ms)[0m   [0mINSERT INTO schema_migrations (version) VALUES ('20090608212820')[0m
Migrating to CreateNivels (20090608220927)
  [4;36;1mSQL (0.4ms)[0m   [0;1mCREATE TABLE "nivels" ("id" INTEGER PRIMARY KEY AUTOINCREMENT NOT NULL, "descricao" varchar(255), "created_at" datetime, "updated_at" datetime) [0m
  [4;35;1mSQL (0.1ms)[0m   [0mINSERT INTO schema_migrations (version) VALUES ('20090608220927')[0m
Migrating to CreateNiveis (20090608221356)
  [4;36;1mSQL (0.3ms)[0m   [0;1mCREATE TABLE "niveis" ("id" INTEGER PRIMARY KEY AUTOINCREMENT NOT NULL, "descricao" varchar(255), "created_at" datetime, "updated_at" datetime) [0m
  [4;35;1mSQL (0.1ms)[0m   [0mINSERT INTO schema_migrations (version) VALUES ('20090608221356')[0m
  [4;36;1mSQL (0.3ms)[0m   [0;1m SELECT name
 FROM sqlite_master
 WHERE type = 'table' AND NOT name = 'sqlite_sequence'
[0m
  [4;35;1mSQL (0.2ms)[0m   [0mSELECT version FROM schema_migrations[0m
  [4;36;1mSQL (0.2ms)[0m   [0;1m SELECT name
 FROM sqlite_master
 WHERE type = 'table' AND NOT name = 'sqlite_sequence'
[0m
  [4;35;1mSQL (0.1ms)[0m   [0mPRAGMA index_list("niveis")[0m
  [4;36;1mSQL (0.1ms)[0m   [0;1mPRAGMA index_list("nivels")[0m
  [4;35;1mSQL (0.1ms)[0m   [0mPRAGMA index_list("problemas")[0m


Processing NivelsController#index (for 127.0.0.1 at 2009-08-24 18:07:56) [GET]
  [4;36;1mNivel Load (0.6ms)[0m   [0;1mSELECT * FROM "niveis" [0m

ActionView::MissingTemplate (Missing template nivels/index.erb in view path app/views):
  app/controllers/nivels_controller.rb:7:in `index'
  haml (2.2.2) lib/sass/plugin/rails.rb:19:in `process'

Rendering rescues/layout (internal_server_error)


Processing NiveisController#index (for 127.0.0.1 at 2009-08-24 18:07:59) [GET]
  [4;35;1mNivel Load (0.4ms)[0m   [0mSELECT * FROM "niveis" [0m
Rendering template within layouts/niveis
Rendering niveis/index
Completed in 52ms (View: 46, DB: 0) | 200 OK [http://localhost/niveis]


Processing NiveisController#index (for 127.0.0.1 at 2009-08-24 18:11:26) [GET]
  [4;36;1mNivel Load (0.4ms)[0m   [0;1mSELECT * FROM "niveis" [0m
Rendering template within layouts/niveis
Rendering niveis/index
Completed in 7ms (View: 1, DB: 0) | 200 OK [http://localhost/niveis]


Processing NiveisController#index (for 127.0.0.1 at 2009-08-24 18:11:26) [GET]
  [4;35;1mNivel Load (0.4ms)[0m   [0mSELECT * FROM "niveis" [0m
Rendering template within layouts/niveis
Rendering niveis/index
Completed in 7ms (View: 1, DB: 0) | 200 OK [http://localhost/niveis]


Processing NiveisController#index (for 127.0.0.1 at 2009-08-24 18:11:26) [GET]
  [4;36;1mNivel Load (0.4ms)[0m   [0;1mSELECT * FROM "niveis" [0m
Rendering template within layouts/niveis
Rendering niveis/index
Completed in 7ms (View: 1, DB: 0) | 200 OK [http://localhost/niveis]
  [4;36;1mSQL (0.6ms)[0m   [0;1m SELECT name
 FROM sqlite_master
 WHERE type = 'table' AND NOT name = 'sqlite_sequence'
[0m
  [4;35;1mSQL (0.2ms)[0m   [0mSELECT version FROM schema_migrations[0m
Migrating to CreateProblemas (20090608212820)
Migrating to CreateLevels (20090824212039)
  [4;36;1mSQL (0.1ms)[0m   [0;1mselect sqlite_version(*)[0m
  [4;35;1mSQL (0.5ms)[0m   [0mCREATE TABLE "levels" ("id" INTEGER PRIMARY KEY AUTOINCREMENT NOT NULL, "description" varchar(255), "created_at" datetime, "updated_at" datetime) [0m
  [4;36;1mSQL (0.1ms)[0m   [0;1mINSERT INTO schema_migrations (version) VALUES ('20090824212039')[0m
  [4;35;1mSQL (0.4ms)[0m   [0m SELECT name
 FROM sqlite_master
 WHERE type = 'table' AND NOT name = 'sqlite_sequence'
[0m
  [4;36;1mSQL (0.3ms)[0m   [0;1mSELECT version FROM schema_migrations[0m
  [4;35;1mSQL (0.3ms)[0m   [0m SELECT name
 FROM sqlite_master
 WHERE type = 'table' AND NOT name = 'sqlite_sequence'
[0m
  [4;36;1mSQL (0.1ms)[0m   [0;1mPRAGMA index_list("levels")[0m
  [4;35;1mSQL (0.1ms)[0m   [0mPRAGMA index_list("niveis")[0m
  [4;36;1mSQL (0.1ms)[0m   [0;1mPRAGMA index_list("nivels")[0m
  [4;35;1mSQL (0.1ms)[0m   [0mPRAGMA index_list("problemas")[0m
  [4;36;1mSQL (0.7ms)[0m   [0;1m SELECT name
 FROM sqlite_master
 WHERE type = 'table' AND NOT name = 'sqlite_sequence'
[0m
  [4;35;1mSQL (0.2ms)[0m   [0mSELECT version FROM schema_migrations[0m
Migrating to CreateProblemas (20090608212820)
Migrating to CreateLevels (20090824212039)
  [4;36;1mSQL (0.2ms)[0m   [0;1mselect sqlite_version(*)[0m
  [4;35;1mSQL (0.3ms)[0m   [0m SELECT name
 FROM sqlite_master
 WHERE type = 'table' AND NOT name = 'sqlite_sequence'
[0m
  [4;36;1mSQL (0.2ms)[0m   [0;1mSELECT version FROM schema_migrations[0m
  [4;35;1mSQL (0.3ms)[0m   [0m SELECT name
 FROM sqlite_master
 WHERE type = 'table' AND NOT name = 'sqlite_sequence'
[0m
  [4;36;1mSQL (0.1ms)[0m   [0;1mPRAGMA index_list("levels")[0m
  [4;35;1mSQL (0.1ms)[0m   [0mPRAGMA index_list("niveis")[0m
  [4;36;1mSQL (0.1ms)[0m   [0;1mPRAGMA index_list("nivels")[0m
  [4;35;1mSQL (0.1ms)[0m   [0mPRAGMA index_list("problemas")[0m


Processing LevelsController#index (for 127.0.0.1 at 2009-08-24 18:26:06) [GET]
  [4;36;1mLevel Load (0.5ms)[0m   [0;1mSELECT * FROM "levels" [0m
Rendering template within layouts/levels
Rendering levels/index
Completed in 15ms (View: 9, DB: 1) | 200 OK [http://localhost/levels]


Processing LevelsController#new (for 127.0.0.1 at 2009-08-24 18:26:07) [GET]
Rendering template within layouts/levels
Rendering levels/new
Completed in 59ms (View: 53, DB: 0) | 200 OK [http://localhost/levels/new]


Processing LevelsController#create (for 127.0.0.1 at 2009-08-24 18:26:14) [POST]
  Parameters: {"commit"=>"Create", "authenticity_token"=>"zPbfoM2/mCjF/56ch4RskxNy8VmvbE8m9Hyb34D39IU=", "level"=>{"description"=>"Joel's level"}}
  [4;35;1mLevel Create (0.5ms)[0m   [0mINSERT INTO "levels" ("created_at", "updated_at", "description") VALUES('2009-08-24 21:26:14', '2009-08-24 21:26:14', 'Joel''s level')[0m
Redirected to http://localhost:3000/levels/1
Completed in 21ms (DB: 1) | 302 Found [http://localhost/levels]


Processing LevelsController#show (for 127.0.0.1 at 2009-08-24 18:26:14) [GET]
  Parameters: {"id"=>"1"}
  [4;36;1mLevel Load (0.2ms)[0m   [0;1mSELECT * FROM "levels" WHERE ("levels"."id" = 1) [0m
Rendering template within layouts/levels
Rendering levels/show
Completed in 12ms (View: 5, DB: 0) | 200 OK [http://localhost/levels/1]


Processing LevelsController#index (for 127.0.0.1 at 2009-08-24 18:26:16) [GET]
  [4;35;1mLevel Load (0.5ms)[0m   [0mSELECT * FROM "levels" [0m
Rendering template within layouts/levels
Rendering levels/index
Completed in 9ms (View: 4, DB: 1) | 200 OK [http://localhost/levels]


Processing LevelsController#new (for 127.0.0.1 at 2009-08-24 18:34:38) [GET]
Rendering template within layouts/levels
Rendering levels/new

ActionView::TemplateError (undefined method `difficult_value' for #<Level:0xb6a18194>) on line #13 of app/views/levels/new.html.erb:
10: 
11:   <p>
12:     <%= f.label :difficult_value %><br />
13:     <%= f.text_field :difficult_value %>
14:   </p>
15: 
16: 

    app/views/levels/new.html.erb:13
    haml (2.2.2) lib/haml/helpers/action_view_mods.rb:167:in `form_for'
    app/views/levels/new.html.erb:3
    haml (2.2.2) lib/haml/helpers/action_view_mods.rb:13:in `render'
    haml (2.2.2) lib/haml/helpers/action_view_mods.rb:13:in `render'
    app/controllers/levels_controller.rb:29:in `new'
    haml (2.2.2) lib/sass/plugin/rails.rb:19:in `process'

Rendered rescues/_trace (58.0ms)
Rendered rescues/_request_and_response (58.4ms)
Rendering rescues/layout (internal_server_error)


Processing LevelsController#index (for 127.0.0.1 at 2009-08-24 18:34:39) [GET]
  [4;36;1mLevel Load (0.5ms)[0m   [0;1mSELECT * FROM "levels" [0m
Rendering template within layouts/levels
Rendering levels/index
Completed in 10ms (View: 4, DB: 1) | 200 OK [http://localhost/levels]


Processing LevelsController#new (for 127.0.0.1 at 2009-08-24 18:34:41) [GET]
Rendering template within layouts/levels
Rendering levels/new

ActionView::TemplateError (undefined method `difficult_value' for #<Level:0xb6aabaac>) on line #13 of app/views/levels/new.html.erb:
10: 
11:   <p>
12:     <%= f.label :difficult_value %><br />
13:     <%= f.text_field :difficult_value %>
14:   </p>
15: 
16: 

    app/views/levels/new.html.erb:13
    haml (2.2.2) lib/haml/helpers/action_view_mods.rb:167:in `form_for'
    app/views/levels/new.html.erb:3
    haml (2.2.2) lib/haml/helpers/action_view_mods.rb:13:in `render'
    haml (2.2.2) lib/haml/helpers/action_view_mods.rb:13:in `render'
    app/controllers/levels_controller.rb:29:in `new'
    haml (2.2.2) lib/sass/plugin/rails.rb:19:in `process'

Rendered rescues/_trace (61.5ms)
Rendered rescues/_request_and_response (0.3ms)
Rendering rescues/layout (internal_server_error)


Processing LevelsController#new (for 127.0.0.1 at 2009-08-24 18:34:59) [GET]
Rendering template within layouts/levels
Rendering levels/new

ActionView::TemplateError (undefined method `difficult_value' for #<Level:0xb78c0700>) on line #13 of app/views/levels/new.html.erb:
10: 
11:   <p>
12:     <%= f.label :difficult_value %><br />
13:     <%= f.text_field :difficult_value %>
14:   </p>
15: 
16: 

    app/views/levels/new.html.erb:13
    haml (2.2.2) lib/haml/helpers/action_view_mods.rb:167:in `form_for'
    app/views/levels/new.html.erb:3
    haml (2.2.2) lib/haml/helpers/action_view_mods.rb:13:in `render'
    haml (2.2.2) lib/haml/helpers/action_view_mods.rb:13:in `render'
    app/controllers/levels_controller.rb:29:in `new'
    haml (2.2.2) lib/sass/plugin/rails.rb:19:in `process'

Rendered rescues/_trace (60.4ms)
Rendered rescues/_request_and_response (1.3ms)
Rendering rescues/layout (internal_server_error)


Processing LevelsController#new (for 127.0.0.1 at 2009-08-24 18:35:00) [GET]
Rendering template within layouts/levels
Rendering levels/new

ActionView::TemplateError (undefined method `difficult_value' for #<Level:0xb67f4c50>) on line #13 of app/views/levels/new.html.erb:
10: 
11:   <p>
12:     <%= f.label :difficult_value %><br />
13:     <%= f.text_field :difficult_value %>
14:   </p>
15: 
16: 

    app/views/levels/new.html.erb:13
    haml (2.2.2) lib/haml/helpers/action_view_mods.rb:167:in `form_for'
    app/views/levels/new.html.erb:3
    haml (2.2.2) lib/haml/helpers/action_view_mods.rb:13:in `render'
    haml (2.2.2) lib/haml/helpers/action_view_mods.rb:13:in `render'
    app/controllers/levels_controller.rb:29:in `new'
    haml (2.2.2) lib/sass/plugin/rails.rb:19:in `process'

Rendered rescues/_trace (122.4ms)
Rendered rescues/_request_and_response (0.3ms)
Rendering rescues/layout (internal_server_error)


Processing LevelsController#new (for 127.0.0.1 at 2009-08-24 18:35:00) [GET]
Rendering template within layouts/levels
Rendering levels/new

ActionView::TemplateError (undefined method `difficult_value' for #<Level:0xb69056bc>) on line #13 of app/views/levels/new.html.erb:
10: 
11:   <p>
12:     <%= f.label :difficult_value %><br />
13:     <%= f.text_field :difficult_value %>
14:   </p>
15: 
16: 

    app/views/levels/new.html.erb:13
    haml (2.2.2) lib/haml/helpers/action_view_mods.rb:167:in `form_for'
    app/views/levels/new.html.erb:3
    haml (2.2.2) lib/haml/helpers/action_view_mods.rb:13:in `render'
    haml (2.2.2) lib/haml/helpers/action_view_mods.rb:13:in `render'
    app/controllers/levels_controller.rb:29:in `new'
    haml (2.2.2) lib/sass/plugin/rails.rb:19:in `process'

Rendered rescues/_trace (58.9ms)
Rendered rescues/_request_and_response (0.3ms)
Rendering rescues/layout (internal_server_error)


Processing LevelsController#new (for 127.0.0.1 at 2009-08-24 18:35:01) [GET]
Rendering template within layouts/levels
Rendering levels/new

ActionView::TemplateError (undefined method `difficult_value' for #<Level:0xb6798144>) on line #13 of app/views/levels/new.html.erb:
10: 
11:   <p>
12:     <%= f.label :difficult_value %><br />
13:     <%= f.text_field :difficult_value %>
14:   </p>
15: 
16: 

    app/views/levels/new.html.erb:13
    haml (2.2.2) lib/haml/helpers/action_view_mods.rb:167:in `form_for'
    app/views/levels/new.html.erb:3
    haml (2.2.2) lib/haml/helpers/action_view_mods.rb:13:in `render'
    haml (2.2.2) lib/haml/helpers/action_view_mods.rb:13:in `render'
    app/controllers/levels_controller.rb:29:in `new'
    haml (2.2.2) lib/sass/plugin/rails.rb:19:in `process'

Rendered rescues/_trace (121.2ms)
Rendered rescues/_request_and_response (0.3ms)
Rendering rescues/layout (internal_server_error)


Processing LevelsController#new (for 127.0.0.1 at 2009-08-24 18:35:01) [GET]
Rendering template within layouts/levels
Rendering levels/new

ActionView::TemplateError (undefined method `difficult_value' for #<Level:0xb68a43a8>) on line #13 of app/views/levels/new.html.erb:
10: 
11:   <p>
12:     <%= f.label :difficult_value %><br />
13:     <%= f.text_field :difficult_value %>
14:   </p>
15: 
16: 

    app/views/levels/new.html.erb:13
    haml (2.2.2) lib/haml/helpers/action_view_mods.rb:167:in `form_for'
    app/views/levels/new.html.erb:3
    haml (2.2.2) lib/haml/helpers/action_view_mods.rb:13:in `render'
    haml (2.2.2) lib/haml/helpers/action_view_mods.rb:13:in `render'
    app/controllers/levels_controller.rb:29:in `new'
    haml (2.2.2) lib/sass/plugin/rails.rb:19:in `process'

Rendered rescues/_trace (57.7ms)
Rendered rescues/_request_and_response (0.3ms)
Rendering rescues/layout (internal_server_error)
  [4;36;1mSQL (0.7ms)[0m   [0;1m SELECT name
 FROM sqlite_master
 WHERE type = 'table' AND NOT name = 'sqlite_sequence'
[0m
  [4;35;1mSQL (0.2ms)[0m   [0mSELECT version FROM schema_migrations[0m
Migrating to CreateProblemas (20090608212820)
Migrating to CreateLevels (20090824212039)
Migrating to AddColumnDifficultValue (20090824213306)
  [4;36;1mSQL (0.1ms)[0m   [0;1mselect sqlite_version(*)[0m
  [4;35;1mSQL (0.5ms)[0m   [0mALTER TABLE "levels" ADD "difficult_value" integer[0m
  [4;36;1mSQL (0.1ms)[0m   [0;1mINSERT INTO schema_migrations (version) VALUES ('20090824213306')[0m
  [4;35;1mSQL (0.4ms)[0m   [0m SELECT name
 FROM sqlite_master
 WHERE type = 'table' AND NOT name = 'sqlite_sequence'
[0m
  [4;36;1mSQL (0.3ms)[0m   [0;1mSELECT version FROM schema_migrations[0m
  [4;35;1mSQL (0.3ms)[0m   [0m SELECT name
 FROM sqlite_master
 WHERE type = 'table' AND NOT name = 'sqlite_sequence'
[0m
  [4;36;1mSQL (0.1ms)[0m   [0;1mPRAGMA index_list("levels")[0m
  [4;35;1mSQL (0.1ms)[0m   [0mPRAGMA index_list("niveis")[0m
  [4;36;1mSQL (0.1ms)[0m   [0;1mPRAGMA index_list("nivels")[0m
  [4;35;1mSQL (0.1ms)[0m   [0mPRAGMA index_list("problemas")[0m


Processing LevelsController#new (for 127.0.0.1 at 2009-08-24 18:35:21) [GET]
Rendering template within layouts/levels
Rendering levels/new
Completed in 10ms (View: 4, DB: 0) | 200 OK [http://localhost/levels/new]


Processing LevelsController#new (for 127.0.0.1 at 2009-08-24 18:49:08) [GET]
Rendering template within layouts/levels
Rendering levels/new
Completed in 10ms (View: 3, DB: 0) | 200 OK [http://localhost/levels/new]


Processing LevelsController#create (for 127.0.0.1 at 2009-08-24 18:49:15) [POST]
  Parameters: {"commit"=>"Create", "authenticity_token"=>"zPbfoM2/mCjF/56ch4RskxNy8VmvbE8m9Hyb34D39IU=", "level"=>{"difficult_value"=>"-1", "description"=>"Fácil"}}
Rendering template within layouts/levels
Rendering levels/new
Completed in 13ms (View: 5, DB: 0) | 200 OK [http://localhost/levels]


Processing LevelsController#create (for 127.0.0.1 at 2009-08-24 18:49:19) [POST]
  Parameters: {"commit"=>"Create", "authenticity_token"=>"zPbfoM2/mCjF/56ch4RskxNy8VmvbE8m9Hyb34D39IU=", "level"=>{"difficult_value"=>"11", "description"=>"Fácil"}}
Rendering template within layouts/levels
Rendering levels/new
Completed in 16ms (View: 7, DB: 0) | 200 OK [http://localhost/levels]


Processing LevelsController#create (for 127.0.0.1 at 2009-08-24 18:49:27) [POST]
  Parameters: {"commit"=>"Create", "authenticity_token"=>"zPbfoM2/mCjF/56ch4RskxNy8VmvbE8m9Hyb34D39IU=", "level"=>{"difficult_value"=>"3", "description"=>""}}
Rendering template within layouts/levels
Rendering levels/new
Completed in 14ms (View: 3, DB: 0) | 200 OK [http://localhost/levels]


Processing LevelsController#index (for 127.0.0.1 at 2009-08-25 21:28:57) [GET]
  [4;36;1mLevel Load (0.0ms)[0m   [0;1mSQLite3::SQLException: no such table: levels: SELECT * FROM "levels" [0m

ActiveRecord::StatementInvalid (SQLite3::SQLException: no such table: levels: SELECT * FROM "levels" ):
  app/controllers/levels_controller.rb:5:in `index'
  haml (2.2.2) lib/sass/plugin/rails.rb:19:in `process'

Rendered rescues/_trace (34.6ms)
Rendered rescues/_request_and_response (1.3ms)
Rendering rescues/layout (internal_server_error)


Processing LevelsController#index (for 127.0.0.1 at 2009-08-25 21:28:59) [GET]
  [4;35;1mLevel Load (0.0ms)[0m   [0mSQLite3::SQLException: no such table: levels: SELECT * FROM "levels" [0m

ActiveRecord::StatementInvalid (SQLite3::SQLException: no such table: levels: SELECT * FROM "levels" ):
  app/controllers/levels_controller.rb:5:in `index'
  haml (2.2.2) lib/sass/plugin/rails.rb:19:in `process'

Rendered rescues/_trace (91.9ms)
Rendered rescues/_request_and_response (0.3ms)
Rendering rescues/layout (internal_server_error)
  [4;36;1mSQL (0.3ms)[0m   [0;1mselect sqlite_version(*)[0m
  [4;35;1mSQL (0.3ms)[0m   [0m SELECT name
 FROM sqlite_master
 WHERE type = 'table' AND NOT name = 'sqlite_sequence'
[0m
  [4;36;1mSQL (2.2ms)[0m   [0;1mCREATE TABLE "levels" ("id" INTEGER PRIMARY KEY AUTOINCREMENT NOT NULL, "description" varchar(255), "created_at" datetime, "updated_at" datetime, "difficult_value" integer) [0m
  [4;35;1mSQL (0.3ms)[0m   [0m SELECT name
 FROM sqlite_master
 WHERE type = 'table' AND NOT name = 'sqlite_sequence'
[0m
  [4;36;1mSQL (1.9ms)[0m   [0;1mCREATE TABLE "niveis" ("id" INTEGER PRIMARY KEY AUTOINCREMENT NOT NULL, "descricao" varchar(255), "created_at" datetime, "updated_at" datetime) [0m
  [4;35;1mSQL (0.3ms)[0m   [0m SELECT name
 FROM sqlite_master
 WHERE type = 'table' AND NOT name = 'sqlite_sequence'
[0m
  [4;36;1mSQL (1.9ms)[0m   [0;1mCREATE TABLE "nivels" ("id" INTEGER PRIMARY KEY AUTOINCREMENT NOT NULL, "descricao" varchar(255), "created_at" datetime, "updated_at" datetime) [0m
  [4;35;1mSQL (0.3ms)[0m   [0m SELECT name
 FROM sqlite_master
 WHERE type = 'table' AND NOT name = 'sqlite_sequence'
[0m
  [4;36;1mSQL (2.0ms)[0m   [0;1mCREATE TABLE "problemas" ("id" INTEGER PRIMARY KEY AUTOINCREMENT NOT NULL, "id_no_pku" integer, "nome" varchar(255), "link" varchar(255), "categorias_old" integer, "origem_old" integer, "created_at" datetime, "updated_at" datetime) [0m
  [4;35;1mSQL (0.4ms)[0m   [0m SELECT name
 FROM sqlite_master
 WHERE type = 'table' AND NOT name = 'sqlite_sequence'
[0m
  [4;36;1mSQL (1.9ms)[0m   [0;1mCREATE TABLE "schema_migrations" ("version" varchar(255) NOT NULL) [0m
  [4;35;1mSQL (2.1ms)[0m   [0mCREATE UNIQUE INDEX "unique_schema_migrations" ON "schema_migrations" ("version")[0m
  [4;36;1mSQL (0.4ms)[0m   [0;1m SELECT name
 FROM sqlite_master
 WHERE type = 'table' AND NOT name = 'sqlite_sequence'
[0m
  [4;35;1mSQL (0.1ms)[0m   [0mSELECT version FROM "schema_migrations"[0m
  [4;36;1mSQL (1.7ms)[0m   [0;1mINSERT INTO "schema_migrations" (version) VALUES ('20090824213306')[0m
  [4;35;1mSQL (1.6ms)[0m   [0mINSERT INTO "schema_migrations" (version) VALUES ('20090608212820')[0m
  [4;36;1mSQL (1.6ms)[0m   [0;1mINSERT INTO "schema_migrations" (version) VALUES ('20090824212039')[0m


Processing LevelsController#index (for 127.0.0.1 at 2009-08-25 21:29:26) [GET]
  [4;36;1mLevel Load (0.4ms)[0m   [0;1mSELECT * FROM "levels" [0m
Rendering template within layouts/levels
Rendering levels/index
Completed in 33ms (View: 29, DB: 0) | 200 OK [http://0.0.0.0/levels]


Processing LevelsController#new (for 127.0.0.1 at 2009-08-25 21:29:30) [GET]
Rendering template within layouts/levels
Rendering levels/new
Completed in 11ms (View: 6, DB: 0) | 200 OK [http://0.0.0.0/levels/new]


Processing LevelsController#create (for 127.0.0.1 at 2009-08-25 21:29:33) [POST]
  Parameters: {"commit"=>"Create", "authenticity_token"=>"P83fU6k0gJLwfQxldUtIhBp7NCnpvAauKoWOoTCkZzY=", "level"=>{"description"=>"teste", "difficult_value"=>"1"}}
  [4;35;1mLevel Create (0.7ms)[0m   [0mINSERT INTO "levels" ("updated_at", "description", "difficult_value", "created_at") VALUES('2009-08-26 00:29:33', 'teste', 1, '2009-08-26 00:29:33')[0m
Redirected to http://0.0.0.0:3000/levels/1
Completed in 44ms (DB: 1) | 302 Found [http://0.0.0.0/levels]


Processing LevelsController#show (for 127.0.0.1 at 2009-08-25 21:29:33) [GET]
  Parameters: {"id"=>"1"}
  [4;36;1mLevel Load (0.2ms)[0m   [0;1mSELECT * FROM "levels" WHERE ("levels"."id" = 1) [0m
Rendering template within layouts/levels
Rendering levels/show
Completed in 25ms (View: 21, DB: 0) | 200 OK [http://0.0.0.0/levels/1]


Processing LevelsController#index (for 127.0.0.1 at 2009-08-25 21:29:34) [GET]
  [4;35;1mLevel Load (0.7ms)[0m   [0mSELECT * FROM "levels" [0m
Rendering template within layouts/levels
Rendering levels/index
Completed in 12ms (View: 5, DB: 1) | 200 OK [http://0.0.0.0/levels]


Processing LevelsController#new (for 127.0.0.1 at 2009-08-25 21:30:33) [GET]
Rendering template within layouts/levels
Rendering levels/new
Completed in 7ms (View: 3, DB: 0) | 200 OK [http://0.0.0.0/levels/new]


Processing ProblemasController#new (for 127.0.0.1 at 2009-08-25 21:30:38) [GET]
Rendering template within layouts/problemas
Rendering problemas/new
Completed in 20ms (View: 13, DB: 0) | 200 OK [http://0.0.0.0/problemas/new]


Processing ApplicationController#index (for 127.0.0.1 at 2009-08-25 22:07:09) [GET]

ActionController::RoutingError (No route matches "/problemas/new" with {:method=>:get}):
  

Rendering rescues/layout (not_found)


Processing ProblemsController#index (for 127.0.0.1 at 2009-08-25 22:07:12) [GET]
  [4;36;1mProblems Load (0.0ms)[0m   [0;1mSQLite3::SQLException: no such table: problems: SELECT * FROM "problems" [0m

ActiveRecord::StatementInvalid (SQLite3::SQLException: no such table: problems: SELECT * FROM "problems" ):
  app/controllers/problems_controller.rb:5:in `index'
  haml (2.2.2) lib/sass/plugin/rails.rb:19:in `process'

Rendered rescues/_trace (34.5ms)
Rendered rescues/_request_and_response (1.3ms)
Rendering rescues/layout (internal_server_error)
  [4;36;1mSQL (0.6ms)[0m   [0;1m SELECT name
 FROM sqlite_master
 WHERE type = 'table' AND NOT name = 'sqlite_sequence'
[0m
  [4;35;1mSQL (0.2ms)[0m   [0mSELECT version FROM schema_migrations[0m
Migrating to CreateLevels (20090824212039)
Migrating to AddColumnDifficultValue (20090824213306)
Migrating to CreateLevelsData (20090824224509)
  [4;36;1mSQL (0.1ms)[0m   [0;1mselect sqlite_version(*)[0m
  [4;35;1mLevel Delete all (0.6ms)[0m   [0mDELETE FROM "levels" WHERE 1=1[0m
  [4;36;1mLevel Create (0.2ms)[0m   [0;1mINSERT INTO "levels" ("updated_at", "description", "difficult_value", "created_at") VALUES('2009-08-26 01:07:24', 'My grandma can solve it', 0, '2009-08-26 01:07:24')[0m
  [4;35;1mLevel Create (0.1ms)[0m   [0mINSERT INTO "levels" ("updated_at", "description", "difficult_value", "created_at") VALUES('2009-08-26 01:07:24', 'Easy', 1, '2009-08-26 01:07:24')[0m
  [4;36;1mLevel Create (0.1ms)[0m   [0;1mINSERT INTO "levels" ("updated_at", "description", "difficult_value", "created_at") VALUES('2009-08-26 01:07:24', 'Medium', 2, '2009-08-26 01:07:24')[0m
  [4;35;1mLevel Create (0.1ms)[0m   [0mINSERT INTO "levels" ("updated_at", "description", "difficult_value", "created_at") VALUES('2009-08-26 01:07:24', 'Hard', 3, '2009-08-26 01:07:24')[0m
  [4;36;1mLevel Create (0.1ms)[0m   [0;1mINSERT INTO "levels" ("updated_at", "description", "difficult_value", "created_at") VALUES('2009-08-26 01:07:24', 'Yoshi is thinking about this problem. Probably it is impossible.', 4, '2009-08-26 01:07:24')[0m
  [4;35;1mSQL (0.1ms)[0m   [0mINSERT INTO schema_migrations (version) VALUES ('20090824224509')[0m
Migrating to CreateProblems (20090826004907)
  [4;36;1mSQL (0.7ms)[0m   [0;1mCREATE TABLE "problems" ("id" INTEGER PRIMARY KEY AUTOINCREMENT NOT NULL, "name" varchar(255), "source" varchar(255), "created_at" datetime, "updated_at" datetime) [0m
  [4;35;1mSQL (0.2ms)[0m   [0mINSERT INTO schema_migrations (version) VALUES ('20090826004907')[0m
Migrating to CreateCategories (20090826010555)
  [4;36;1mSQL (0.5ms)[0m   [0;1mCREATE TABLE "categories" ("id" INTEGER PRIMARY KEY AUTOINCREMENT NOT NULL, "name" varchar(255), "created_at" datetime, "updated_at" datetime) [0m
  [4;35;1mSQL (0.1ms)[0m   [0mINSERT INTO schema_migrations (version) VALUES ('20090826010555')[0m
  [4;36;1mSQL (0.4ms)[0m   [0;1m SELECT name
 FROM sqlite_master
 WHERE type = 'table' AND NOT name = 'sqlite_sequence'
[0m
  [4;35;1mSQL (0.2ms)[0m   [0mSELECT version FROM schema_migrations[0m
  [4;36;1mSQL (0.2ms)[0m   [0;1m SELECT name
 FROM sqlite_master
 WHERE type = 'table' AND NOT name = 'sqlite_sequence'
[0m
  [4;35;1mSQL (0.0ms)[0m   [0mPRAGMA index_list("categories")[0m
  [4;36;1mSQL (0.0ms)[0m   [0;1mPRAGMA index_list("levels")[0m
  [4;35;1mSQL (0.0ms)[0m   [0mPRAGMA index_list("niveis")[0m
  [4;36;1mSQL (0.0ms)[0m   [0;1mPRAGMA index_list("nivels")[0m
  [4;35;1mSQL (0.0ms)[0m   [0mPRAGMA index_list("problemas")[0m
  [4;36;1mSQL (0.0ms)[0m   [0;1mPRAGMA index_list("problems")[0m


Processing ProblemsController#index (for 127.0.0.1 at 2009-08-25 22:23:52) [GET]
  [4;35;1mProblems Load (0.7ms)[0m   [0mSELECT * FROM "problems" [0m
Rendering template within layouts/problems
Rendering problems/index

ActionView::TemplateError (undefined local variable or method `new_problems_path' for #<ActionView::Base:0x232c150>) on line #24 of app/views/problems/index.html.erb:
21: 
22: <br />
23: 
24: <%= link_to 'New problems', new_problems_path %>

    app/views/problems/index.html.erb:24
    haml (2.2.2) lib/haml/helpers/action_view_mods.rb:13:in `render'
    haml (2.2.2) lib/haml/helpers/action_view_mods.rb:13:in `render'
    app/controllers/problems_controller.rb:7:in `index'
    haml (2.2.2) lib/sass/plugin/rails.rb:19:in `process'

Rendered rescues/_trace (38.7ms)
Rendered rescues/_request_and_response (0.3ms)
Rendering rescues/layout (internal_server_error)


Processing ProblemsController#index (for 127.0.0.1 at 2009-08-25 22:24:21) [GET]
  [4;36;1mProblems Load (0.5ms)[0m   [0;1mSELECT * FROM "problems" [0m
Rendering template within layouts/problems
Rendering problems/index

ActionView::TemplateError (undefined local variable or method `new_problems_path' for #<ActionView::Base:0x2481f3c>) on line #24 of app/views/problems/index.html.erb:
21: 
22: <br />
23: 
24: <%= link_to 'New problems', new_problems_path %>

    app/views/problems/index.html.erb:24
    haml (2.2.2) lib/haml/helpers/action_view_mods.rb:13:in `render'
    haml (2.2.2) lib/haml/helpers/action_view_mods.rb:13:in `render'
    app/controllers/problems_controller.rb:7:in `index'
    haml (2.2.2) lib/sass/plugin/rails.rb:19:in `process'

Rendered rescues/_trace (95.8ms)
Rendered rescues/_request_and_response (1.6ms)
Rendering rescues/layout (internal_server_error)


Processing LevelsController#index (for 127.0.0.1 at 2009-08-25 22:24:29) [GET]
  [4;35;1mLevel Load (1.2ms)[0m   [0mSELECT * FROM "levels" [0m
Rendering template within layouts/levels
Rendering levels/index
Completed in 32ms (View: 24, DB: 1) | 200 OK [http://0.0.0.0/levels/]


Processing ProblemsController#index (for 127.0.0.1 at 2009-08-25 22:24:34) [GET]
  [4;36;1mProblems Load (0.4ms)[0m   [0;1mSELECT * FROM "problems" [0m
Rendering template within layouts/problems
Rendering problems/index

ActionView::TemplateError (undefined local variable or method `new_problems_path' for #<ActionView::Base:0x25537d0>) on line #24 of app/views/problems/index.html.erb:
21: 
22: <br />
23: 
24: <%= link_to 'New problems', new_problems_path %>

    app/views/problems/index.html.erb:24
    haml (2.2.2) lib/haml/helpers/action_view_mods.rb:13:in `render'
    haml (2.2.2) lib/haml/helpers/action_view_mods.rb:13:in `render'
    app/controllers/problems_controller.rb:7:in `index'
    haml (2.2.2) lib/sass/plugin/rails.rb:19:in `process'

Rendered rescues/_trace (38.6ms)
Rendered rescues/_request_and_response (0.3ms)
Rendering rescues/layout (internal_server_error)


Processing CategoriesController#index (for 127.0.0.1 at 2009-08-25 22:24:42) [GET]
  [4;35;1mCategory Load (0.4ms)[0m   [0mSELECT * FROM "categories" [0m
Rendering template within layouts/categories
Rendering categories/index
Completed in 13ms (View: 9, DB: 0) | 200 OK [http://0.0.0.0/categories]


Processing CategoriesController#new (for 127.0.0.1 at 2009-08-25 22:24:46) [GET]
Rendering template within layouts/categories
Rendering categories/new
Completed in 17ms (View: 10, DB: 0) | 200 OK [http://0.0.0.0/categories/new]


Processing CategoriesController#create (for 127.0.0.1 at 2009-08-25 22:24:48) [POST]
  Parameters: {"category"=>{"name"=>"teste"}, "commit"=>"Create", "authenticity_token"=>"P83fU6k0gJLwfQxldUtIhBp7NCnpvAauKoWOoTCkZzY="}
  [4;36;1mCategory Create (0.5ms)[0m   [0;1mINSERT INTO "categories" ("name", "updated_at", "created_at") VALUES('teste', '2009-08-26 01:24:48', '2009-08-26 01:24:48')[0m
Redirected to http://0.0.0.0:3000/categories/1
Completed in 106ms (DB: 0) | 302 Found [http://0.0.0.0/categories]


Processing CategoriesController#show (for 127.0.0.1 at 2009-08-25 22:24:48) [GET]
  Parameters: {"id"=>"1"}
  [4;35;1mCategory Load (0.2ms)[0m   [0mSELECT * FROM "categories" WHERE ("categories"."id" = 1) [0m
Rendering template within layouts/categories
Rendering categories/show
Completed in 9ms (View: 4, DB: 0) | 200 OK [http://0.0.0.0/categories/1]


Processing CategoriesController#index (for 127.0.0.1 at 2009-08-25 22:24:49) [GET]
  [4;36;1mCategory Load (0.5ms)[0m   [0;1mSELECT * FROM "categories" [0m
Rendering template within layouts/categories
Rendering categories/index
Completed in 8ms (View: 3, DB: 1) | 200 OK [http://0.0.0.0/categories]


Processing ProblemsController#index (for 127.0.0.1 at 2009-08-25 22:27:30) [GET]
  [4;35;1mProblems Load (1.1ms)[0m   [0mSELECT * FROM "problems" [0m
Rendering template within layouts/problems
Rendering problems/index

ActionView::TemplateError (undefined local variable or method `new_problems_path' for #<ActionView::Base:0x251a0e8>) on line #24 of app/views/problems/index.html.erb:
21: 
22: <br />
23: 
24: <%= link_to 'New problems', new_problems_path %>

    app/views/problems/index.html.erb:24
    haml (2.2.2) lib/haml/helpers/action_view_mods.rb:13:in `render'
    haml (2.2.2) lib/haml/helpers/action_view_mods.rb:13:in `render'
    app/controllers/problems_controller.rb:7:in `index'
    haml (2.2.2) lib/sass/plugin/rails.rb:19:in `process'

Rendered rescues/_trace (38.4ms)
Rendered rescues/_request_and_response (0.3ms)
Rendering rescues/layout (internal_server_error)


Processing ProblemsController#index (for 127.0.0.1 at 2009-08-25 22:31:37) [GET]
  [4;36;1mProblems Load (0.4ms)[0m   [0;1mSELECT * FROM "problems" [0m
Rendering template within layouts/problems
Rendering problems/index

ActionView::TemplateError (undefined local variable or method `new_problems_path' for #<ActionView::Base:0x23ab9dc>) on line #24 of app/views/problems/index.html.erb:
21: 
22: <br />
23: 
24: <%= link_to 'New problems', new_problems_path %>

    app/views/problems/index.html.erb:24
    haml (2.2.2) lib/haml/helpers/action_view_mods.rb:13:in `render'
    haml (2.2.2) lib/haml/helpers/action_view_mods.rb:13:in `render'
    app/controllers/problems_controller.rb:7:in `index'
    haml (2.2.2) lib/sass/plugin/rails.rb:19:in `process'

Rendered rescues/_trace (100.1ms)
Rendered rescues/_request_and_response (0.2ms)
Rendering rescues/layout (internal_server_error)


Processing ProblemsController#index (for 127.0.0.1 at 2009-08-25 22:31:38) [GET]
  [4;35;1mProblems Load (0.5ms)[0m   [0mSELECT * FROM "problems" [0m
Rendering template within layouts/problems
Rendering problems/index

ActionView::TemplateError (undefined local variable or method `new_problems_path' for #<ActionView::Base:0x252a858>) on line #24 of app/views/problems/index.html.erb:
21: 
22: <br />
23: 
24: <%= link_to 'New problems', new_problems_path %>

    app/views/problems/index.html.erb:24
    haml (2.2.2) lib/haml/helpers/action_view_mods.rb:13:in `render'
    haml (2.2.2) lib/haml/helpers/action_view_mods.rb:13:in `render'
    app/controllers/problems_controller.rb:7:in `index'
    haml (2.2.2) lib/sass/plugin/rails.rb:19:in `process'

Rendered rescues/_trace (38.7ms)
Rendered rescues/_request_and_response (0.3ms)
Rendering rescues/layout (internal_server_error)


Processing ProblemsController#index (for 127.0.0.1 at 2009-08-25 22:31:38) [GET]
  [4;36;1mProblems Load (0.4ms)[0m   [0;1mSELECT * FROM "problems" [0m
Rendering template within layouts/problems
Rendering problems/index

ActionView::TemplateError (undefined local variable or method `new_problems_path' for #<ActionView::Base:0x23b1b70>) on line #24 of app/views/problems/index.html.erb:
21: 
22: <br />
23: 
24: <%= link_to 'New problems', new_problems_path %>

    app/views/problems/index.html.erb:24
    haml (2.2.2) lib/haml/helpers/action_view_mods.rb:13:in `render'
    haml (2.2.2) lib/haml/helpers/action_view_mods.rb:13:in `render'
    app/controllers/problems_controller.rb:7:in `index'
    haml (2.2.2) lib/sass/plugin/rails.rb:19:in `process'

Rendered rescues/_trace (100.3ms)
Rendered rescues/_request_and_response (0.3ms)
Rendering rescues/layout (internal_server_error)


Processing ProblemsController#index (for 127.0.0.1 at 2009-08-25 22:31:38) [GET]
  [4;35;1mProblems Load (0.4ms)[0m   [0mSELECT * FROM "problems" [0m
Rendering template within layouts/problems
Rendering problems/index

ActionView::TemplateError (undefined local variable or method `new_problems_path' for #<ActionView::Base:0x250f698>) on line #24 of app/views/problems/index.html.erb:
21: 
22: <br />
23: 
24: <%= link_to 'New problems', new_problems_path %>

    app/views/problems/index.html.erb:24
    haml (2.2.2) lib/haml/helpers/action_view_mods.rb:13:in `render'
    haml (2.2.2) lib/haml/helpers/action_view_mods.rb:13:in `render'
    app/controllers/problems_controller.rb:7:in `index'
    haml (2.2.2) lib/sass/plugin/rails.rb:19:in `process'

Rendered rescues/_trace (38.3ms)
Rendered rescues/_request_and_response (0.3ms)
Rendering rescues/layout (internal_server_error)


Processing ProblemsController#index (for 127.0.0.1 at 2009-08-25 22:31:39) [GET]
  [4;36;1mProblems Load (0.4ms)[0m   [0;1mSELECT * FROM "problems" [0m
Rendering template within layouts/problems
Rendering problems/index

ActionView::TemplateError (undefined local variable or method `new_problems_path' for #<ActionView::Base:0x239a8e4>) on line #24 of app/views/problems/index.html.erb:
21: 
22: <br />
23: 
24: <%= link_to 'New problems', new_problems_path %>

    app/views/problems/index.html.erb:24
    haml (2.2.2) lib/haml/helpers/action_view_mods.rb:13:in `render'
    haml (2.2.2) lib/haml/helpers/action_view_mods.rb:13:in `render'
    app/controllers/problems_controller.rb:7:in `index'
    haml (2.2.2) lib/sass/plugin/rails.rb:19:in `process'

Rendered rescues/_trace (58.2ms)
Rendered rescues/_request_and_response (1.8ms)
Rendering rescues/layout (internal_server_error)


Processing ProblemsController#index (for 127.0.0.1 at 2009-08-25 22:31:39) [GET]
  [4;35;1mProblems Load (0.4ms)[0m   [0mSELECT * FROM "problems" [0m
Rendering template within layouts/problems
Rendering problems/index

ActionView::TemplateError (undefined local variable or method `new_problems_path' for #<ActionView::Base:0x24ec404>) on line #24 of app/views/problems/index.html.erb:
21: 
22: <br />
23: 
24: <%= link_to 'New problems', new_problems_path %>

    app/views/problems/index.html.erb:24
    haml (2.2.2) lib/haml/helpers/action_view_mods.rb:13:in `render'
    haml (2.2.2) lib/haml/helpers/action_view_mods.rb:13:in `render'
    app/controllers/problems_controller.rb:7:in `index'
    haml (2.2.2) lib/sass/plugin/rails.rb:19:in `process'

Rendered rescues/_trace (38.5ms)
Rendered rescues/_request_and_response (0.2ms)
Rendering rescues/layout (internal_server_error)


Processing ProblemsController#index (for 127.0.0.1 at 2009-08-25 22:31:39) [GET]
  [4;36;1mProblems Load (0.7ms)[0m   [0;1mSELECT * FROM "problems" [0m
Rendering template within layouts/problems
Rendering problems/index

ActionView::TemplateError (undefined local variable or method `new_problems_path' for #<ActionView::Base:0x237fc4c>) on line #24 of app/views/problems/index.html.erb:
21: 
22: <br />
23: 
24: <%= link_to 'New problems', new_problems_path %>

    app/views/problems/index.html.erb:24
    haml (2.2.2) lib/haml/helpers/action_view_mods.rb:13:in `render'
    haml (2.2.2) lib/haml/helpers/action_view_mods.rb:13:in `render'
    app/controllers/problems_controller.rb:7:in `index'
    haml (2.2.2) lib/sass/plugin/rails.rb:19:in `process'

Rendered rescues/_trace (39.0ms)
Rendered rescues/_request_and_response (0.2ms)
Rendering rescues/layout (internal_server_error)


Processing ProblemsController#index (for 127.0.0.1 at 2009-08-25 22:31:39) [GET]
  [4;35;1mProblems Load (0.4ms)[0m   [0mSELECT * FROM "problems" [0m
Rendering template within layouts/problems
Rendering problems/index

ActionView::TemplateError (undefined local variable or method `new_problems_path' for #<ActionView::Base:0x24c5fd4>) on line #24 of app/views/problems/index.html.erb:
21: 
22: <br />
23: 
24: <%= link_to 'New problems', new_problems_path %>

    app/views/problems/index.html.erb:24
    haml (2.2.2) lib/haml/helpers/action_view_mods.rb:13:in `render'
    haml (2.2.2) lib/haml/helpers/action_view_mods.rb:13:in `render'
    app/controllers/problems_controller.rb:7:in `index'
    haml (2.2.2) lib/sass/plugin/rails.rb:19:in `process'

Rendered rescues/_trace (39.4ms)
Rendered rescues/_request_and_response (0.2ms)
Rendering rescues/layout (internal_server_error)


Processing ProblemsController#index (for 127.0.0.1 at 2009-08-25 22:31:39) [GET]
  [4;36;1mProblems Load (0.4ms)[0m   [0;1mSELECT * FROM "problems" [0m
Rendering template within layouts/problems
Rendering problems/index

ActionView::TemplateError (undefined local variable or method `new_problems_path' for #<ActionView::Base:0x235b9f0>) on line #24 of app/views/problems/index.html.erb:
21: 
22: <br />
23: 
24: <%= link_to 'New problems', new_problems_path %>

    app/views/problems/index.html.erb:24
    haml (2.2.2) lib/haml/helpers/action_view_mods.rb:13:in `render'
    haml (2.2.2) lib/haml/helpers/action_view_mods.rb:13:in `render'
    app/controllers/problems_controller.rb:7:in `index'
    haml (2.2.2) lib/sass/plugin/rails.rb:19:in `process'

Rendered rescues/_trace (38.5ms)
Rendered rescues/_request_and_response (0.2ms)
Rendering rescues/layout (internal_server_error)


Processing ProblemsController#index (for 127.0.0.1 at 2009-08-25 22:31:39) [GET]
  [4;35;1mProblems Load (0.4ms)[0m   [0mSELECT * FROM "problems" [0m
Rendering template within layouts/problems
Rendering problems/index

ActionView::TemplateError (undefined local variable or method `new_problems_path' for #<ActionView::Base:0x24a2e80>) on line #24 of app/views/problems/index.html.erb:
21: 
22: <br />
23: 
24: <%= link_to 'New problems', new_problems_path %>

    app/views/problems/index.html.erb:24
    haml (2.2.2) lib/haml/helpers/action_view_mods.rb:13:in `render'
    haml (2.2.2) lib/haml/helpers/action_view_mods.rb:13:in `render'
    app/controllers/problems_controller.rb:7:in `index'
    haml (2.2.2) lib/sass/plugin/rails.rb:19:in `process'

Rendered rescues/_trace (39.0ms)
Rendered rescues/_request_and_response (0.2ms)
Rendering rescues/layout (internal_server_error)


Processing ProblemsController#index (for 127.0.0.1 at 2009-08-25 22:31:40) [GET]
  [4;36;1mProblems Load (0.5ms)[0m   [0;1mSELECT * FROM "problems" [0m
Rendering template within layouts/problems
Rendering problems/index

ActionView::TemplateError (undefined local variable or method `new_problems_path' for #<ActionView::Base:0x233d07c>) on line #24 of app/views/problems/index.html.erb:
21: 
22: <br />
23: 
24: <%= link_to 'New problems', new_problems_path %>

    app/views/problems/index.html.erb:24
    haml (2.2.2) lib/haml/helpers/action_view_mods.rb:13:in `render'
    haml (2.2.2) lib/haml/helpers/action_view_mods.rb:13:in `render'
    app/controllers/problems_controller.rb:7:in `index'
    haml (2.2.2) lib/sass/plugin/rails.rb:19:in `process'

Rendered rescues/_trace (43.6ms)
Rendered rescues/_request_and_response (0.2ms)
Rendering rescues/layout (internal_server_error)


Processing ProblemsController#index (for 127.0.0.1 at 2009-08-25 22:31:40) [GET]
  [4;35;1mProblems Load (0.4ms)[0m   [0mSELECT * FROM "problems" [0m
Rendering template within layouts/problems
Rendering problems/index

ActionView::TemplateError (undefined local variable or method `new_problems_path' for #<ActionView::Base:0x24906e0>) on line #24 of app/views/problems/index.html.erb:
21: 
22: <br />
23: 
24: <%= link_to 'New problems', new_problems_path %>

    app/views/problems/index.html.erb:24
    haml (2.2.2) lib/haml/helpers/action_view_mods.rb:13:in `render'
    haml (2.2.2) lib/haml/helpers/action_view_mods.rb:13:in `render'
    app/controllers/problems_controller.rb:7:in `index'
    haml (2.2.2) lib/sass/plugin/rails.rb:19:in `process'

Rendered rescues/_trace (39.5ms)
Rendered rescues/_request_and_response (0.3ms)
Rendering rescues/layout (internal_server_error)


Processing ProblemsController#index (for 127.0.0.1 at 2009-08-25 22:31:40) [GET]
  [4;36;1mProblems Load (0.4ms)[0m   [0;1mSELECT * FROM "problems" [0m
Rendering template within layouts/problems
Rendering problems/index

ActionView::TemplateError (undefined local variable or method `new_problems_path' for #<ActionView::Base:0x265e47c>) on line #24 of app/views/problems/index.html.erb:
21: 
22: <br />
23: 
24: <%= link_to 'New problems', new_problems_path %>

    app/views/problems/index.html.erb:24
    haml (2.2.2) lib/haml/helpers/action_view_mods.rb:13:in `render'
    haml (2.2.2) lib/haml/helpers/action_view_mods.rb:13:in `render'
    app/controllers/problems_controller.rb:7:in `index'
    haml (2.2.2) lib/sass/plugin/rails.rb:19:in `process'

Rendered rescues/_trace (45.0ms)
Rendered rescues/_request_and_response (0.3ms)
Rendering rescues/layout (internal_server_error)


Processing ProblemsController#index (for 127.0.0.1 at 2009-08-25 22:31:40) [GET]
  [4;35;1mProblems Load (0.4ms)[0m   [0mSELECT * FROM "problems" [0m
Rendering template within layouts/problems
Rendering problems/index

ActionView::TemplateError (undefined local variable or method `new_problems_path' for #<ActionView::Base:0x2473db0>) on line #24 of app/views/problems/index.html.erb:
21: 
22: <br />
23: 
24: <%= link_to 'New problems', new_problems_path %>

    app/views/problems/index.html.erb:24
    haml (2.2.2) lib/haml/helpers/action_view_mods.rb:13:in `render'
    haml (2.2.2) lib/haml/helpers/action_view_mods.rb:13:in `render'
    app/controllers/problems_controller.rb:7:in `index'
    haml (2.2.2) lib/sass/plugin/rails.rb:19:in `process'

Rendered rescues/_trace (60.0ms)
Rendered rescues/_request_and_response (0.2ms)
Rendering rescues/layout (internal_server_error)
